2022-01-26 00:01:30 [INFO ] c.n.d.s.r.aws.ConfigClusterResolver - Resolving eureka endpoints via configuration
2022-01-26 00:04:44 [INFO ] io.undertow.servlet - Initializing Spring DispatcherServlet 'dispatcherServlet'
2022-01-26 00:04:44 [INFO ] o.s.web.servlet.DispatcherServlet - Initializing Servlet 'dispatcherServlet'
2022-01-26 00:04:44 [INFO ] o.s.web.servlet.DispatcherServlet - Completed initialization in 9 ms
2022-01-26 00:04:44 [INFO ] com.zaxxer.hikari.HikariDataSource - HikariPool-1 - Starting...
2022-01-26 00:04:44 [INFO ] com.zaxxer.hikari.HikariDataSource - HikariPool-1 - Start completed.
2022-01-26 00:06:30 [INFO ] c.n.d.s.r.aws.ConfigClusterResolver - Resolving eureka endpoints via configuration
2022-01-26 00:11:30 [INFO ] c.n.d.s.r.aws.ConfigClusterResolver - Resolving eureka endpoints via configuration
2022-01-26 00:12:40 [INFO ] c.n.config.ChainedDynamicProperty - Flipping property: spring-player-upms-service.ribbon.ActiveConnectionsLimit to use NEXT property: niws.loadbalancer.availabilityFilteringRule.activeConnectionsLimit = 2147483647
2022-01-26 00:12:40 [INFO ] c.n.u.c.ShutdownEnabledTimer - Shutdown hook installed for: NFLoadBalancer-PingTimer-spring-player-upms-service
2022-01-26 00:12:40 [INFO ] c.n.loadbalancer.BaseLoadBalancer - Client: spring-player-upms-service instantiated a LoadBalancer: DynamicServerListLoadBalancer:{NFLoadBalancer:name=spring-player-upms-service,current list of Servers=[],Load balancer stats=Zone stats: {},Server stats: []}ServerList:null
2022-01-26 00:12:40 [INFO ] c.n.l.DynamicServerListLoadBalancer - Using serverListUpdater PollingServerListUpdater
2022-01-26 00:12:40 [INFO ] c.n.config.ChainedDynamicProperty - Flipping property: spring-player-upms-service.ribbon.ActiveConnectionsLimit to use NEXT property: niws.loadbalancer.availabilityFilteringRule.activeConnectionsLimit = 2147483647
2022-01-26 00:12:40 [INFO ] c.n.l.DynamicServerListLoadBalancer - DynamicServerListLoadBalancer for client spring-player-upms-service initialized: DynamicServerListLoadBalancer:{NFLoadBalancer:name=spring-player-upms-service,current list of Servers=[DESKTOP-JVEFRNA:5050],Load balancer stats=Zone stats: {defaultzone=[Zone:defaultzone;	Instance count:1;	Active connections count: 0;	Circuit breaker tripped count: 0;	Active connections per server: 0.0;]
},Server stats: [[Server:DESKTOP-JVEFRNA:5050;	Zone:defaultZone;	Total Requests:0;	Successive connection failure:0;	Total blackout seconds:0;	Last connection made:Thu Jan 01 08:00:00 CST 1970;	First connection made: Thu Jan 01 08:00:00 CST 1970;	Active Connections:0;	total failure count in last (1000) msecs:0;	average resp time:0.0;	90 percentile resp time:0.0;	95 percentile resp time:0.0;	min resp time:0.0;	max resp time:0.0;	stddev resp time:0.0]
]}ServerList:org.springframework.cloud.netflix.ribbon.eureka.DomainExtractingServerList@3df6dda2
2022-01-26 00:12:41 [INFO ] c.n.config.ChainedDynamicProperty - Flipping property: spring-player-upms-service.ribbon.ActiveConnectionsLimit to use NEXT property: niws.loadbalancer.availabilityFilteringRule.activeConnectionsLimit = 2147483647
2022-01-26 00:16:30 [INFO ] c.n.d.s.r.aws.ConfigClusterResolver - Resolving eureka endpoints via configuration
2022-01-26 00:21:30 [INFO ] c.n.d.s.r.aws.ConfigClusterResolver - Resolving eureka endpoints via configuration
2022-01-26 00:26:30 [INFO ] c.n.d.s.r.aws.ConfigClusterResolver - Resolving eureka endpoints via configuration
2022-01-26 00:31:30 [INFO ] c.n.d.s.r.aws.ConfigClusterResolver - Resolving eureka endpoints via configuration
