2022-01-21 14:42:35 [INFO ] o.h.validator.internal.util.Version - HV000001: Hibernate Validator 6.1.7.Final
2022-01-21 14:42:36 [INFO ] c.g.p.s.i18n.I18nApplication - No active profile set, falling back to default profiles: default
2022-01-21 14:42:37 [WARN ] o.s.boot.actuate.endpoint.EndpointId - Endpoint ID 'service-registry' contains invalid characters, please migrate to a valid format.
2022-01-21 14:42:37 [INFO ] o.s.cloud.context.scope.GenericScope - BeanFactory id=a4376893-6b25-310b-98af-87c2ce709acc
2022-01-21 14:42:37 [WARN ] io.undertow.websockets.jsr - UT026010: Buffer pool was not set on WebSocketDeploymentInfo, the default pool will be used
2022-01-21 14:42:38 [INFO ] io.undertow.servlet - Initializing Spring embedded WebApplicationContext
2022-01-21 14:42:38 [INFO ] o.s.b.w.s.c.ServletWebServerApplicationContext - Root WebApplicationContext: initialization completed in 1289 ms
2022-01-21 14:42:38 [WARN ] c.n.c.sources.URLConfigurationSource - No URLs will be polled as dynamic configuration sources.
2022-01-21 14:42:38 [INFO ] c.n.c.sources.URLConfigurationSource - To enable URLs as dynamic configuration sources, define System property archaius.configurationSource.additionalUrls or make config.properties available on classpath.
2022-01-21 14:42:38 [INFO ] c.n.config.DynamicPropertyFactory - DynamicPropertyFactory is initialized with configuration sources: com.netflix.config.ConcurrentCompositeConfiguration@541179e7
2022-01-21 14:42:38 [WARN ] c.n.c.sources.URLConfigurationSource - No URLs will be polled as dynamic configuration sources.
2022-01-21 14:42:38 [INFO ] c.n.c.sources.URLConfigurationSource - To enable URLs as dynamic configuration sources, define System property archaius.configurationSource.additionalUrls or make config.properties available on classpath.
2022-01-21 14:42:38 [INFO ] o.s.s.c.ThreadPoolTaskExecutor - Initializing ExecutorService 'applicationTaskExecutor'
2022-01-21 14:42:40 [INFO ] o.s.cloud.commons.util.InetUtils - Cannot determine local hostname
2022-01-21 14:42:41 [INFO ] o.s.cloud.commons.util.InetUtils - Cannot determine local hostname
2022-01-21 14:42:41 [INFO ] o.s.c.n.e.c.DiscoveryClientOptionalArgsConfiguration - Eureka HTTP Client uses Jersey
2022-01-21 14:42:41 [WARN ] o.s.c.l.c.BlockingLoadBalancerClientAutoConfiguration$BlockingLoadBalancerClientRibbonWarnLogger - You already have RibbonLoadBalancerClient on your classpath. It will be used by default. As Spring Cloud Ribbon is in maintenance mode. We recommend switching to BlockingLoadBalancerClient instead. In order to use it, set the value of `spring.cloud.loadbalancer.ribbon.enabled` to `false` or remove spring-cloud-starter-netflix-ribbon from your project.
2022-01-21 14:42:41 [INFO ] o.s.b.a.e.web.EndpointLinksResolver - Exposing 2 endpoint(s) beneath base path '/actuator'
2022-01-21 14:42:41 [INFO ] o.s.c.n.eureka.InstanceInfoFactory - Setting initial instance status as: STARTING
2022-01-21 14:42:41 [INFO ] c.netflix.discovery.DiscoveryClient - Initializing Eureka in region us-east-1
2022-01-21 14:42:41 [INFO ] c.n.d.p.DiscoveryJerseyProvider - Using JSON encoding codec LegacyJacksonJson
2022-01-21 14:42:41 [INFO ] c.n.d.p.DiscoveryJerseyProvider - Using JSON decoding codec LegacyJacksonJson
2022-01-21 14:42:41 [INFO ] c.n.d.p.DiscoveryJerseyProvider - Using XML encoding codec XStreamXml
2022-01-21 14:42:41 [INFO ] c.n.d.p.DiscoveryJerseyProvider - Using XML decoding codec XStreamXml
2022-01-21 14:42:42 [INFO ] c.n.d.s.r.aws.ConfigClusterResolver - Resolving eureka endpoints via configuration
2022-01-21 14:42:42 [INFO ] c.netflix.discovery.DiscoveryClient - Disable delta property : false
2022-01-21 14:42:42 [INFO ] c.netflix.discovery.DiscoveryClient - Single vip registry refresh property : null
2022-01-21 14:42:42 [INFO ] c.netflix.discovery.DiscoveryClient - Force full registry fetch : false
2022-01-21 14:42:42 [INFO ] c.netflix.discovery.DiscoveryClient - Application is null : false
2022-01-21 14:42:42 [INFO ] c.netflix.discovery.DiscoveryClient - Registered Applications size is zero : true
2022-01-21 14:42:42 [INFO ] c.netflix.discovery.DiscoveryClient - Application version is -1: true
2022-01-21 14:42:42 [INFO ] c.netflix.discovery.DiscoveryClient - Getting all instance registry info from the eureka server
2022-01-21 14:42:42 [INFO ] c.netflix.discovery.DiscoveryClient - The response status is 200
2022-01-21 14:42:42 [INFO ] c.netflix.discovery.DiscoveryClient - Starting heartbeat executor: renew interval is: 4
2022-01-21 14:42:42 [INFO ] c.n.discovery.InstanceInfoReplicator - InstanceInfoReplicator onDemand update allowed rate per min is 4
2022-01-21 14:42:42 [INFO ] c.netflix.discovery.DiscoveryClient - Discovery Client initialized at timestamp 1642747362354 with initial instances count: 1
2022-01-21 14:42:42 [INFO ] o.s.c.n.e.s.EurekaServiceRegistry - Registering application SPRING-PLAYER-I18N-SERVICE with eureka with status UP
2022-01-21 14:42:42 [INFO ] c.netflix.discovery.DiscoveryClient - Saw local status change event StatusChangeEvent [timestamp=1642747362357, current=UP, previous=STARTING]
2022-01-21 14:42:42 [INFO ] c.netflix.discovery.DiscoveryClient - DiscoveryClient_SPRING-PLAYER-I18N-SERVICE/localhost:spring-player-i18n-service:5300: registering service...
2022-01-21 14:42:42 [INFO ] io.undertow - starting server: Undertow - 2.1.7.Final
2022-01-21 14:42:42 [INFO ] org.xnio - XNIO version 3.8.0.Final
2022-01-21 14:42:42 [INFO ] org.xnio.nio - XNIO NIO Implementation Version 3.8.0.Final
2022-01-21 14:42:42 [INFO ] c.netflix.discovery.DiscoveryClient - DiscoveryClient_SPRING-PLAYER-I18N-SERVICE/localhost:spring-player-i18n-service:5300 - registration status: 204
2022-01-21 14:42:42 [INFO ] org.jboss.threads - JBoss Threads version 3.1.0.Final
2022-01-21 14:42:42 [INFO ] o.s.b.w.e.undertow.UndertowWebServer - Undertow started on port(s) 5300 (http)
2022-01-21 14:42:42 [INFO ] o.s.c.n.e.s.EurekaAutoServiceRegistration - Updating port to 5300
2022-01-21 14:42:43 [INFO ] o.s.cloud.commons.util.InetUtils - Cannot determine local hostname
2022-01-21 14:42:43 [INFO ] c.g.p.s.i18n.I18nApplication - Started I18nApplication in 9.858 seconds (JVM running for 10.28)
2022-01-21 14:47:42 [INFO ] c.n.d.s.r.aws.ConfigClusterResolver - Resolving eureka endpoints via configuration
2022-01-21 14:48:49 [INFO ] io.undertow.servlet - Initializing Spring DispatcherServlet 'dispatcherServlet'
2022-01-21 14:48:49 [INFO ] o.s.web.servlet.DispatcherServlet - Initializing Servlet 'dispatcherServlet'
2022-01-21 14:48:49 [INFO ] o.s.web.servlet.DispatcherServlet - Completed initialization in 5 ms
2022-01-21 14:50:04 [INFO ] o.h.validator.internal.util.Version - HV000001: Hibernate Validator 6.1.7.Final
2022-01-21 14:50:06 [INFO ] c.g.p.s.i18n.I18nApplication - No active profile set, falling back to default profiles: default
2022-01-21 14:50:07 [WARN ] o.s.boot.actuate.endpoint.EndpointId - Endpoint ID 'service-registry' contains invalid characters, please migrate to a valid format.
2022-01-21 14:50:07 [INFO ] o.s.cloud.context.scope.GenericScope - BeanFactory id=a4376893-6b25-310b-98af-87c2ce709acc
2022-01-21 14:50:08 [WARN ] io.undertow.websockets.jsr - UT026010: Buffer pool was not set on WebSocketDeploymentInfo, the default pool will be used
2022-01-21 14:50:08 [INFO ] io.undertow.servlet - Initializing Spring embedded WebApplicationContext
2022-01-21 14:50:08 [INFO ] o.s.b.w.s.c.ServletWebServerApplicationContext - Root WebApplicationContext: initialization completed in 1659 ms
2022-01-21 14:50:08 [WARN ] c.n.c.sources.URLConfigurationSource - No URLs will be polled as dynamic configuration sources.
2022-01-21 14:50:08 [INFO ] c.n.c.sources.URLConfigurationSource - To enable URLs as dynamic configuration sources, define System property archaius.configurationSource.additionalUrls or make config.properties available on classpath.
2022-01-21 14:50:08 [INFO ] c.n.config.DynamicPropertyFactory - DynamicPropertyFactory is initialized with configuration sources: com.netflix.config.ConcurrentCompositeConfiguration@5012c571
2022-01-21 14:50:09 [WARN ] c.n.c.sources.URLConfigurationSource - No URLs will be polled as dynamic configuration sources.
2022-01-21 14:50:09 [INFO ] c.n.c.sources.URLConfigurationSource - To enable URLs as dynamic configuration sources, define System property archaius.configurationSource.additionalUrls or make config.properties available on classpath.
2022-01-21 14:50:09 [INFO ] o.s.s.c.ThreadPoolTaskExecutor - Initializing ExecutorService 'applicationTaskExecutor'
2022-01-21 14:50:10 [INFO ] o.s.cloud.commons.util.InetUtils - Cannot determine local hostname
2022-01-21 14:50:12 [INFO ] o.s.cloud.commons.util.InetUtils - Cannot determine local hostname
2022-01-21 14:50:12 [INFO ] o.s.c.n.e.c.DiscoveryClientOptionalArgsConfiguration - Eureka HTTP Client uses Jersey
2022-01-21 14:50:12 [WARN ] o.s.c.l.c.BlockingLoadBalancerClientAutoConfiguration$BlockingLoadBalancerClientRibbonWarnLogger - You already have RibbonLoadBalancerClient on your classpath. It will be used by default. As Spring Cloud Ribbon is in maintenance mode. We recommend switching to BlockingLoadBalancerClient instead. In order to use it, set the value of `spring.cloud.loadbalancer.ribbon.enabled` to `false` or remove spring-cloud-starter-netflix-ribbon from your project.
2022-01-21 14:50:12 [INFO ] o.s.b.a.e.web.EndpointLinksResolver - Exposing 2 endpoint(s) beneath base path '/actuator'
2022-01-21 14:50:12 [INFO ] o.s.c.n.eureka.InstanceInfoFactory - Setting initial instance status as: STARTING
2022-01-21 14:50:12 [INFO ] c.netflix.discovery.DiscoveryClient - Initializing Eureka in region us-east-1
2022-01-21 14:50:12 [INFO ] c.n.d.p.DiscoveryJerseyProvider - Using JSON encoding codec LegacyJacksonJson
2022-01-21 14:50:12 [INFO ] c.n.d.p.DiscoveryJerseyProvider - Using JSON decoding codec LegacyJacksonJson
2022-01-21 14:50:12 [INFO ] c.n.d.p.DiscoveryJerseyProvider - Using XML encoding codec XStreamXml
2022-01-21 14:50:12 [INFO ] c.n.d.p.DiscoveryJerseyProvider - Using XML decoding codec XStreamXml
2022-01-21 14:50:12 [INFO ] c.n.d.s.r.aws.ConfigClusterResolver - Resolving eureka endpoints via configuration
2022-01-21 14:50:12 [INFO ] c.netflix.discovery.DiscoveryClient - Disable delta property : false
2022-01-21 14:50:12 [INFO ] c.netflix.discovery.DiscoveryClient - Single vip registry refresh property : null
2022-01-21 14:50:12 [INFO ] c.netflix.discovery.DiscoveryClient - Force full registry fetch : false
2022-01-21 14:50:12 [INFO ] c.netflix.discovery.DiscoveryClient - Application is null : false
2022-01-21 14:50:12 [INFO ] c.netflix.discovery.DiscoveryClient - Registered Applications size is zero : true
2022-01-21 14:50:12 [INFO ] c.netflix.discovery.DiscoveryClient - Application version is -1: true
2022-01-21 14:50:12 [INFO ] c.netflix.discovery.DiscoveryClient - Getting all instance registry info from the eureka server
2022-01-21 14:50:13 [INFO ] c.netflix.discovery.DiscoveryClient - The response status is 200
2022-01-21 14:50:13 [INFO ] c.netflix.discovery.DiscoveryClient - Starting heartbeat executor: renew interval is: 4
2022-01-21 14:50:13 [INFO ] c.n.discovery.InstanceInfoReplicator - InstanceInfoReplicator onDemand update allowed rate per min is 4
2022-01-21 14:50:13 [INFO ] c.netflix.discovery.DiscoveryClient - Discovery Client initialized at timestamp 1642747813535 with initial instances count: 2
2022-01-21 14:50:13 [INFO ] o.s.c.n.e.s.EurekaServiceRegistry - Registering application SPRING-PLAYER-I18N-SERVICE with eureka with status UP
2022-01-21 14:50:13 [INFO ] c.netflix.discovery.DiscoveryClient - Saw local status change event StatusChangeEvent [timestamp=1642747813537, current=UP, previous=STARTING]
2022-01-21 14:50:13 [INFO ] c.netflix.discovery.DiscoveryClient - DiscoveryClient_SPRING-PLAYER-I18N-SERVICE/localhost:spring-player-i18n-service:5300: registering service...
2022-01-21 14:50:13 [INFO ] io.undertow - starting server: Undertow - 2.1.7.Final
2022-01-21 14:50:13 [INFO ] org.xnio - XNIO version 3.8.0.Final
2022-01-21 14:50:13 [INFO ] org.xnio.nio - XNIO NIO Implementation Version 3.8.0.Final
2022-01-21 14:50:13 [INFO ] c.netflix.discovery.DiscoveryClient - DiscoveryClient_SPRING-PLAYER-I18N-SERVICE/localhost:spring-player-i18n-service:5300 - registration status: 204
2022-01-21 14:50:13 [INFO ] org.jboss.threads - JBoss Threads version 3.1.0.Final
2022-01-21 14:50:13 [INFO ] o.s.b.w.e.undertow.UndertowWebServer - Undertow started on port(s) 5300 (http)
2022-01-21 14:50:13 [INFO ] o.s.c.n.e.s.EurekaAutoServiceRegistration - Updating port to 5300
2022-01-21 14:50:14 [INFO ] o.s.cloud.commons.util.InetUtils - Cannot determine local hostname
2022-01-21 14:50:14 [INFO ] c.g.p.s.i18n.I18nApplication - Started I18nApplication in 11.757 seconds (JVM running for 12.478)
2022-01-21 14:50:22 [INFO ] io.undertow.servlet - Initializing Spring DispatcherServlet 'dispatcherServlet'
2022-01-21 14:50:22 [INFO ] o.s.web.servlet.DispatcherServlet - Initializing Servlet 'dispatcherServlet'
2022-01-21 14:50:22 [INFO ] o.s.web.servlet.DispatcherServlet - Completed initialization in 9 ms
2022-01-21 15:04:05 [INFO ] o.h.validator.internal.util.Version - HV000001: Hibernate Validator 6.1.7.Final
2022-01-21 15:04:06 [INFO ] c.g.p.s.i18n.I18nApplication - No active profile set, falling back to default profiles: default
2022-01-21 15:04:07 [WARN ] o.s.boot.actuate.endpoint.EndpointId - Endpoint ID 'service-registry' contains invalid characters, please migrate to a valid format.
2022-01-21 15:04:07 [INFO ] o.s.cloud.context.scope.GenericScope - BeanFactory id=a4376893-6b25-310b-98af-87c2ce709acc
2022-01-21 15:04:08 [WARN ] io.undertow.websockets.jsr - UT026010: Buffer pool was not set on WebSocketDeploymentInfo, the default pool will be used
2022-01-21 15:04:08 [INFO ] io.undertow.servlet - Initializing Spring embedded WebApplicationContext
2022-01-21 15:04:08 [INFO ] o.s.b.w.s.c.ServletWebServerApplicationContext - Root WebApplicationContext: initialization completed in 1561 ms
2022-01-21 15:04:08 [WARN ] c.n.c.sources.URLConfigurationSource - No URLs will be polled as dynamic configuration sources.
2022-01-21 15:04:08 [INFO ] c.n.c.sources.URLConfigurationSource - To enable URLs as dynamic configuration sources, define System property archaius.configurationSource.additionalUrls or make config.properties available on classpath.
2022-01-21 15:04:08 [INFO ] c.n.config.DynamicPropertyFactory - DynamicPropertyFactory is initialized with configuration sources: com.netflix.config.ConcurrentCompositeConfiguration@7d133fb7
2022-01-21 15:04:09 [WARN ] c.n.c.sources.URLConfigurationSource - No URLs will be polled as dynamic configuration sources.
2022-01-21 15:04:09 [INFO ] c.n.c.sources.URLConfigurationSource - To enable URLs as dynamic configuration sources, define System property archaius.configurationSource.additionalUrls or make config.properties available on classpath.
2022-01-21 15:04:09 [INFO ] o.s.s.c.ThreadPoolTaskExecutor - Initializing ExecutorService 'applicationTaskExecutor'
2022-01-21 15:04:11 [INFO ] o.s.cloud.commons.util.InetUtils - Cannot determine local hostname
2022-01-21 15:04:12 [INFO ] o.s.cloud.commons.util.InetUtils - Cannot determine local hostname
2022-01-21 15:04:12 [INFO ] o.s.c.n.e.c.DiscoveryClientOptionalArgsConfiguration - Eureka HTTP Client uses Jersey
2022-01-21 15:04:12 [WARN ] o.s.c.l.c.BlockingLoadBalancerClientAutoConfiguration$BlockingLoadBalancerClientRibbonWarnLogger - You already have RibbonLoadBalancerClient on your classpath. It will be used by default. As Spring Cloud Ribbon is in maintenance mode. We recommend switching to BlockingLoadBalancerClient instead. In order to use it, set the value of `spring.cloud.loadbalancer.ribbon.enabled` to `false` or remove spring-cloud-starter-netflix-ribbon from your project.
2022-01-21 15:04:12 [INFO ] o.s.b.a.e.web.EndpointLinksResolver - Exposing 2 endpoint(s) beneath base path '/actuator'
2022-01-21 15:04:12 [INFO ] o.s.c.n.eureka.InstanceInfoFactory - Setting initial instance status as: STARTING
2022-01-21 15:04:12 [INFO ] c.netflix.discovery.DiscoveryClient - Initializing Eureka in region us-east-1
2022-01-21 15:04:12 [INFO ] c.n.d.p.DiscoveryJerseyProvider - Using JSON encoding codec LegacyJacksonJson
2022-01-21 15:04:12 [INFO ] c.n.d.p.DiscoveryJerseyProvider - Using JSON decoding codec LegacyJacksonJson
2022-01-21 15:04:13 [INFO ] c.n.d.p.DiscoveryJerseyProvider - Using XML encoding codec XStreamXml
2022-01-21 15:04:13 [INFO ] c.n.d.p.DiscoveryJerseyProvider - Using XML decoding codec XStreamXml
2022-01-21 15:04:13 [INFO ] c.n.d.s.r.aws.ConfigClusterResolver - Resolving eureka endpoints via configuration
2022-01-21 15:04:13 [INFO ] c.netflix.discovery.DiscoveryClient - Disable delta property : false
2022-01-21 15:04:13 [INFO ] c.netflix.discovery.DiscoveryClient - Single vip registry refresh property : null
2022-01-21 15:04:13 [INFO ] c.netflix.discovery.DiscoveryClient - Force full registry fetch : false
2022-01-21 15:04:13 [INFO ] c.netflix.discovery.DiscoveryClient - Application is null : false
2022-01-21 15:04:13 [INFO ] c.netflix.discovery.DiscoveryClient - Registered Applications size is zero : true
2022-01-21 15:04:13 [INFO ] c.netflix.discovery.DiscoveryClient - Application version is -1: true
2022-01-21 15:04:13 [INFO ] c.netflix.discovery.DiscoveryClient - Getting all instance registry info from the eureka server
2022-01-21 15:04:13 [INFO ] c.netflix.discovery.DiscoveryClient - The response status is 200
2022-01-21 15:04:13 [INFO ] c.netflix.discovery.DiscoveryClient - Starting heartbeat executor: renew interval is: 4
2022-01-21 15:04:13 [INFO ] c.n.discovery.InstanceInfoReplicator - InstanceInfoReplicator onDemand update allowed rate per min is 4
2022-01-21 15:04:13 [INFO ] c.netflix.discovery.DiscoveryClient - Discovery Client initialized at timestamp 1642748653976 with initial instances count: 1
2022-01-21 15:04:13 [INFO ] o.s.c.n.e.s.EurekaServiceRegistry - Registering application SPRING-PLAYER-I18N-SERVICE with eureka with status UP
2022-01-21 15:04:13 [INFO ] c.netflix.discovery.DiscoveryClient - Saw local status change event StatusChangeEvent [timestamp=1642748653978, current=UP, previous=STARTING]
2022-01-21 15:04:13 [INFO ] c.netflix.discovery.DiscoveryClient - DiscoveryClient_SPRING-PLAYER-I18N-SERVICE/localhost:spring-player-i18n-service:5300: registering service...
2022-01-21 15:04:13 [INFO ] io.undertow - starting server: Undertow - 2.1.7.Final
2022-01-21 15:04:14 [INFO ] org.xnio - XNIO version 3.8.0.Final
2022-01-21 15:04:14 [INFO ] org.xnio.nio - XNIO NIO Implementation Version 3.8.0.Final
2022-01-21 15:04:14 [INFO ] c.netflix.discovery.DiscoveryClient - DiscoveryClient_SPRING-PLAYER-I18N-SERVICE/localhost:spring-player-i18n-service:5300 - registration status: 204
2022-01-21 15:04:14 [INFO ] org.jboss.threads - JBoss Threads version 3.1.0.Final
2022-01-21 15:04:14 [INFO ] o.s.b.w.e.undertow.UndertowWebServer - Undertow started on port(s) 5300 (http)
2022-01-21 15:04:14 [INFO ] o.s.c.n.e.s.EurekaAutoServiceRegistration - Updating port to 5300
2022-01-21 15:04:15 [INFO ] o.s.cloud.commons.util.InetUtils - Cannot determine local hostname
2022-01-21 15:04:15 [INFO ] c.g.p.s.i18n.I18nApplication - Started I18nApplication in 11.665 seconds (JVM running for 12.359)
2022-01-21 15:04:20 [INFO ] io.undertow.servlet - Initializing Spring DispatcherServlet 'dispatcherServlet'
2022-01-21 15:04:20 [INFO ] o.s.web.servlet.DispatcherServlet - Initializing Servlet 'dispatcherServlet'
2022-01-21 15:04:20 [INFO ] o.s.web.servlet.DispatcherServlet - Completed initialization in 5 ms
2022-01-21 15:07:09 [INFO ] o.h.validator.internal.util.Version - HV000001: Hibernate Validator 6.1.7.Final
2022-01-21 15:07:11 [INFO ] c.g.p.s.i18n.I18nApplication - No active profile set, falling back to default profiles: default
2022-01-21 15:07:12 [WARN ] o.s.boot.actuate.endpoint.EndpointId - Endpoint ID 'service-registry' contains invalid characters, please migrate to a valid format.
2022-01-21 15:07:12 [INFO ] o.s.cloud.context.scope.GenericScope - BeanFactory id=a4376893-6b25-310b-98af-87c2ce709acc
2022-01-21 15:07:12 [WARN ] io.undertow.websockets.jsr - UT026010: Buffer pool was not set on WebSocketDeploymentInfo, the default pool will be used
2022-01-21 15:07:12 [INFO ] io.undertow.servlet - Initializing Spring embedded WebApplicationContext
2022-01-21 15:07:12 [INFO ] o.s.b.w.s.c.ServletWebServerApplicationContext - Root WebApplicationContext: initialization completed in 1577 ms
2022-01-21 15:07:12 [WARN ] c.n.c.sources.URLConfigurationSource - No URLs will be polled as dynamic configuration sources.
2022-01-21 15:07:12 [INFO ] c.n.c.sources.URLConfigurationSource - To enable URLs as dynamic configuration sources, define System property archaius.configurationSource.additionalUrls or make config.properties available on classpath.
2022-01-21 15:07:12 [INFO ] c.n.config.DynamicPropertyFactory - DynamicPropertyFactory is initialized with configuration sources: com.netflix.config.ConcurrentCompositeConfiguration@5f8f1712
2022-01-21 15:07:13 [WARN ] c.n.c.sources.URLConfigurationSource - No URLs will be polled as dynamic configuration sources.
2022-01-21 15:07:13 [INFO ] c.n.c.sources.URLConfigurationSource - To enable URLs as dynamic configuration sources, define System property archaius.configurationSource.additionalUrls or make config.properties available on classpath.
2022-01-21 15:07:14 [INFO ] o.s.s.c.ThreadPoolTaskExecutor - Initializing ExecutorService 'applicationTaskExecutor'
2022-01-21 15:07:15 [INFO ] o.s.cloud.commons.util.InetUtils - Cannot determine local hostname
2022-01-21 15:07:16 [INFO ] o.s.cloud.commons.util.InetUtils - Cannot determine local hostname
2022-01-21 15:07:16 [INFO ] o.s.c.n.e.c.DiscoveryClientOptionalArgsConfiguration - Eureka HTTP Client uses Jersey
2022-01-21 15:07:16 [WARN ] o.s.c.l.c.BlockingLoadBalancerClientAutoConfiguration$BlockingLoadBalancerClientRibbonWarnLogger - You already have RibbonLoadBalancerClient on your classpath. It will be used by default. As Spring Cloud Ribbon is in maintenance mode. We recommend switching to BlockingLoadBalancerClient instead. In order to use it, set the value of `spring.cloud.loadbalancer.ribbon.enabled` to `false` or remove spring-cloud-starter-netflix-ribbon from your project.
2022-01-21 15:07:16 [INFO ] o.s.b.a.e.web.EndpointLinksResolver - Exposing 2 endpoint(s) beneath base path '/actuator'
2022-01-21 15:07:16 [INFO ] o.s.c.n.eureka.InstanceInfoFactory - Setting initial instance status as: STARTING
2022-01-21 15:07:16 [INFO ] c.netflix.discovery.DiscoveryClient - Initializing Eureka in region us-east-1
2022-01-21 15:07:17 [INFO ] c.n.d.p.DiscoveryJerseyProvider - Using JSON encoding codec LegacyJacksonJson
2022-01-21 15:07:17 [INFO ] c.n.d.p.DiscoveryJerseyProvider - Using JSON decoding codec LegacyJacksonJson
2022-01-21 15:07:17 [INFO ] c.n.d.p.DiscoveryJerseyProvider - Using XML encoding codec XStreamXml
2022-01-21 15:07:17 [INFO ] c.n.d.p.DiscoveryJerseyProvider - Using XML decoding codec XStreamXml
2022-01-21 15:07:17 [INFO ] c.n.d.s.r.aws.ConfigClusterResolver - Resolving eureka endpoints via configuration
2022-01-21 15:07:17 [INFO ] c.netflix.discovery.DiscoveryClient - Disable delta property : false
2022-01-21 15:07:17 [INFO ] c.netflix.discovery.DiscoveryClient - Single vip registry refresh property : null
2022-01-21 15:07:17 [INFO ] c.netflix.discovery.DiscoveryClient - Force full registry fetch : false
2022-01-21 15:07:17 [INFO ] c.netflix.discovery.DiscoveryClient - Application is null : false
2022-01-21 15:07:17 [INFO ] c.netflix.discovery.DiscoveryClient - Registered Applications size is zero : true
2022-01-21 15:07:17 [INFO ] c.netflix.discovery.DiscoveryClient - Application version is -1: true
2022-01-21 15:07:17 [INFO ] c.netflix.discovery.DiscoveryClient - Getting all instance registry info from the eureka server
2022-01-21 15:07:17 [INFO ] c.netflix.discovery.DiscoveryClient - The response status is 200
2022-01-21 15:07:17 [INFO ] c.netflix.discovery.DiscoveryClient - Starting heartbeat executor: renew interval is: 4
2022-01-21 15:07:17 [INFO ] c.n.discovery.InstanceInfoReplicator - InstanceInfoReplicator onDemand update allowed rate per min is 4
2022-01-21 15:07:18 [INFO ] c.netflix.discovery.DiscoveryClient - Discovery Client initialized at timestamp 1642748837999 with initial instances count: 1
2022-01-21 15:07:18 [INFO ] o.s.c.n.e.s.EurekaServiceRegistry - Registering application SPRING-PLAYER-I18N-SERVICE with eureka with status UP
2022-01-21 15:07:18 [INFO ] c.netflix.discovery.DiscoveryClient - Saw local status change event StatusChangeEvent [timestamp=1642748838005, current=UP, previous=STARTING]
2022-01-21 15:07:18 [INFO ] c.netflix.discovery.DiscoveryClient - DiscoveryClient_SPRING-PLAYER-I18N-SERVICE/localhost:spring-player-i18n-service:5300: registering service...
2022-01-21 15:07:18 [INFO ] io.undertow - starting server: Undertow - 2.1.7.Final
2022-01-21 15:07:18 [INFO ] org.xnio - XNIO version 3.8.0.Final
2022-01-21 15:07:18 [INFO ] c.netflix.discovery.DiscoveryClient - DiscoveryClient_SPRING-PLAYER-I18N-SERVICE/localhost:spring-player-i18n-service:5300 - registration status: 204
2022-01-21 15:07:18 [INFO ] org.xnio.nio - XNIO NIO Implementation Version 3.8.0.Final
2022-01-21 15:07:18 [INFO ] org.jboss.threads - JBoss Threads version 3.1.0.Final
2022-01-21 15:07:18 [INFO ] o.s.b.w.e.undertow.UndertowWebServer - Undertow started on port(s) 5300 (http)
2022-01-21 15:07:18 [INFO ] o.s.c.n.e.s.EurekaAutoServiceRegistration - Updating port to 5300
2022-01-21 15:07:19 [INFO ] o.s.cloud.commons.util.InetUtils - Cannot determine local hostname
2022-01-21 15:07:19 [INFO ] c.g.p.s.i18n.I18nApplication - Started I18nApplication in 11.651 seconds (JVM running for 12.342)
2022-01-21 15:07:25 [INFO ] io.undertow.servlet - Initializing Spring DispatcherServlet 'dispatcherServlet'
2022-01-21 15:07:25 [INFO ] o.s.web.servlet.DispatcherServlet - Initializing Servlet 'dispatcherServlet'
2022-01-21 15:07:25 [INFO ] o.s.web.servlet.DispatcherServlet - Completed initialization in 7 ms
2022-01-21 15:09:45 [INFO ] o.h.validator.internal.util.Version - HV000001: Hibernate Validator 6.1.7.Final
2022-01-21 15:09:46 [INFO ] c.g.p.s.i18n.I18nApplication - No active profile set, falling back to default profiles: default
2022-01-21 15:09:47 [WARN ] o.s.boot.actuate.endpoint.EndpointId - Endpoint ID 'service-registry' contains invalid characters, please migrate to a valid format.
2022-01-21 15:09:47 [INFO ] o.s.cloud.context.scope.GenericScope - BeanFactory id=a4376893-6b25-310b-98af-87c2ce709acc
2022-01-21 15:09:48 [WARN ] io.undertow.websockets.jsr - UT026010: Buffer pool was not set on WebSocketDeploymentInfo, the default pool will be used
2022-01-21 15:09:48 [INFO ] io.undertow.servlet - Initializing Spring embedded WebApplicationContext
2022-01-21 15:09:48 [INFO ] o.s.b.w.s.c.ServletWebServerApplicationContext - Root WebApplicationContext: initialization completed in 1607 ms
2022-01-21 15:09:48 [WARN ] c.n.c.sources.URLConfigurationSource - No URLs will be polled as dynamic configuration sources.
2022-01-21 15:09:48 [INFO ] c.n.c.sources.URLConfigurationSource - To enable URLs as dynamic configuration sources, define System property archaius.configurationSource.additionalUrls or make config.properties available on classpath.
2022-01-21 15:09:48 [INFO ] c.n.config.DynamicPropertyFactory - DynamicPropertyFactory is initialized with configuration sources: com.netflix.config.ConcurrentCompositeConfiguration@53016b11
2022-01-21 15:09:49 [WARN ] c.n.c.sources.URLConfigurationSource - No URLs will be polled as dynamic configuration sources.
2022-01-21 15:09:49 [INFO ] c.n.c.sources.URLConfigurationSource - To enable URLs as dynamic configuration sources, define System property archaius.configurationSource.additionalUrls or make config.properties available on classpath.
2022-01-21 15:09:49 [INFO ] o.s.s.c.ThreadPoolTaskExecutor - Initializing ExecutorService 'applicationTaskExecutor'
2022-01-21 15:09:51 [INFO ] o.s.cloud.commons.util.InetUtils - Cannot determine local hostname
2022-01-21 15:09:52 [INFO ] o.s.cloud.commons.util.InetUtils - Cannot determine local hostname
2022-01-21 15:09:52 [INFO ] o.s.c.n.e.c.DiscoveryClientOptionalArgsConfiguration - Eureka HTTP Client uses Jersey
2022-01-21 15:09:52 [WARN ] o.s.c.l.c.BlockingLoadBalancerClientAutoConfiguration$BlockingLoadBalancerClientRibbonWarnLogger - You already have RibbonLoadBalancerClient on your classpath. It will be used by default. As Spring Cloud Ribbon is in maintenance mode. We recommend switching to BlockingLoadBalancerClient instead. In order to use it, set the value of `spring.cloud.loadbalancer.ribbon.enabled` to `false` or remove spring-cloud-starter-netflix-ribbon from your project.
2022-01-21 15:09:52 [INFO ] o.s.b.a.e.web.EndpointLinksResolver - Exposing 2 endpoint(s) beneath base path '/actuator'
2022-01-21 15:09:52 [INFO ] o.s.c.n.eureka.InstanceInfoFactory - Setting initial instance status as: STARTING
2022-01-21 15:09:52 [INFO ] c.netflix.discovery.DiscoveryClient - Initializing Eureka in region us-east-1
2022-01-21 15:09:52 [INFO ] c.n.d.p.DiscoveryJerseyProvider - Using JSON encoding codec LegacyJacksonJson
2022-01-21 15:09:52 [INFO ] c.n.d.p.DiscoveryJerseyProvider - Using JSON decoding codec LegacyJacksonJson
2022-01-21 15:09:53 [INFO ] c.n.d.p.DiscoveryJerseyProvider - Using XML encoding codec XStreamXml
2022-01-21 15:09:53 [INFO ] c.n.d.p.DiscoveryJerseyProvider - Using XML decoding codec XStreamXml
2022-01-21 15:09:53 [INFO ] c.n.d.s.r.aws.ConfigClusterResolver - Resolving eureka endpoints via configuration
2022-01-21 15:09:53 [INFO ] c.netflix.discovery.DiscoveryClient - Disable delta property : false
2022-01-21 15:09:53 [INFO ] c.netflix.discovery.DiscoveryClient - Single vip registry refresh property : null
2022-01-21 15:09:53 [INFO ] c.netflix.discovery.DiscoveryClient - Force full registry fetch : false
2022-01-21 15:09:53 [INFO ] c.netflix.discovery.DiscoveryClient - Application is null : false
2022-01-21 15:09:53 [INFO ] c.netflix.discovery.DiscoveryClient - Registered Applications size is zero : true
2022-01-21 15:09:53 [INFO ] c.netflix.discovery.DiscoveryClient - Application version is -1: true
2022-01-21 15:09:53 [INFO ] c.netflix.discovery.DiscoveryClient - Getting all instance registry info from the eureka server
2022-01-21 15:09:53 [INFO ] c.netflix.discovery.DiscoveryClient - The response status is 200
2022-01-21 15:09:53 [INFO ] c.netflix.discovery.DiscoveryClient - Starting heartbeat executor: renew interval is: 4
2022-01-21 15:09:53 [INFO ] c.n.discovery.InstanceInfoReplicator - InstanceInfoReplicator onDemand update allowed rate per min is 4
2022-01-21 15:09:53 [INFO ] c.netflix.discovery.DiscoveryClient - Discovery Client initialized at timestamp 1642748993642 with initial instances count: 1
2022-01-21 15:09:53 [INFO ] o.s.c.n.e.s.EurekaServiceRegistry - Registering application SPRING-PLAYER-I18N-SERVICE with eureka with status UP
2022-01-21 15:09:53 [INFO ] c.netflix.discovery.DiscoveryClient - Saw local status change event StatusChangeEvent [timestamp=1642748993645, current=UP, previous=STARTING]
2022-01-21 15:09:53 [INFO ] c.netflix.discovery.DiscoveryClient - DiscoveryClient_SPRING-PLAYER-I18N-SERVICE/localhost:spring-player-i18n-service:5300: registering service...
2022-01-21 15:09:53 [INFO ] io.undertow - starting server: Undertow - 2.1.7.Final
2022-01-21 15:09:53 [INFO ] org.xnio - XNIO version 3.8.0.Final
2022-01-21 15:09:53 [INFO ] org.xnio.nio - XNIO NIO Implementation Version 3.8.0.Final
2022-01-21 15:09:53 [INFO ] c.netflix.discovery.DiscoveryClient - DiscoveryClient_SPRING-PLAYER-I18N-SERVICE/localhost:spring-player-i18n-service:5300 - registration status: 204
2022-01-21 15:09:54 [INFO ] org.jboss.threads - JBoss Threads version 3.1.0.Final
2022-01-21 15:09:54 [INFO ] o.s.b.w.e.undertow.UndertowWebServer - Undertow started on port(s) 5300 (http)
2022-01-21 15:09:54 [INFO ] o.s.c.n.e.s.EurekaAutoServiceRegistration - Updating port to 5300
2022-01-21 15:09:55 [INFO ] o.s.cloud.commons.util.InetUtils - Cannot determine local hostname
2022-01-21 15:09:55 [INFO ] c.g.p.s.i18n.I18nApplication - Started I18nApplication in 11.534 seconds (JVM running for 12.214)
2022-01-21 15:10:12 [INFO ] io.undertow.servlet - Initializing Spring DispatcherServlet 'dispatcherServlet'
2022-01-21 15:10:12 [INFO ] o.s.web.servlet.DispatcherServlet - Initializing Servlet 'dispatcherServlet'
2022-01-21 15:10:12 [INFO ] o.s.web.servlet.DispatcherServlet - Completed initialization in 6 ms
2022-01-21 15:10:12 [INFO ] com.zaxxer.hikari.HikariDataSource - HikariPool-1 - Starting...
2022-01-21 15:10:12 [INFO ] com.zaxxer.hikari.HikariDataSource - HikariPool-1 - Start completed.
2022-01-21 15:14:53 [INFO ] c.n.d.s.r.aws.ConfigClusterResolver - Resolving eureka endpoints via configuration
2022-01-21 15:18:19 [INFO ] o.h.validator.internal.util.Version - HV000001: Hibernate Validator 6.1.7.Final
2022-01-21 15:18:21 [INFO ] c.g.p.s.i18n.I18nApplication - No active profile set, falling back to default profiles: default
2022-01-21 15:18:22 [WARN ] o.s.boot.actuate.endpoint.EndpointId - Endpoint ID 'service-registry' contains invalid characters, please migrate to a valid format.
2022-01-21 15:18:22 [INFO ] o.s.cloud.context.scope.GenericScope - BeanFactory id=a4376893-6b25-310b-98af-87c2ce709acc
2022-01-21 15:18:23 [WARN ] io.undertow.websockets.jsr - UT026010: Buffer pool was not set on WebSocketDeploymentInfo, the default pool will be used
2022-01-21 15:18:23 [INFO ] io.undertow.servlet - Initializing Spring embedded WebApplicationContext
2022-01-21 15:18:23 [INFO ] o.s.b.w.s.c.ServletWebServerApplicationContext - Root WebApplicationContext: initialization completed in 1612 ms
2022-01-21 15:18:23 [WARN ] c.n.c.sources.URLConfigurationSource - No URLs will be polled as dynamic configuration sources.
2022-01-21 15:18:23 [INFO ] c.n.c.sources.URLConfigurationSource - To enable URLs as dynamic configuration sources, define System property archaius.configurationSource.additionalUrls or make config.properties available on classpath.
2022-01-21 15:18:23 [INFO ] c.n.config.DynamicPropertyFactory - DynamicPropertyFactory is initialized with configuration sources: com.netflix.config.ConcurrentCompositeConfiguration@723742b2
2022-01-21 15:18:24 [WARN ] c.n.c.sources.URLConfigurationSource - No URLs will be polled as dynamic configuration sources.
2022-01-21 15:18:24 [INFO ] c.n.c.sources.URLConfigurationSource - To enable URLs as dynamic configuration sources, define System property archaius.configurationSource.additionalUrls or make config.properties available on classpath.
2022-01-21 15:18:24 [INFO ] o.s.s.c.ThreadPoolTaskExecutor - Initializing ExecutorService 'applicationTaskExecutor'
2022-01-21 15:18:25 [INFO ] o.s.cloud.commons.util.InetUtils - Cannot determine local hostname
2022-01-21 15:18:27 [INFO ] o.s.cloud.commons.util.InetUtils - Cannot determine local hostname
2022-01-21 15:18:27 [INFO ] o.s.c.n.e.c.DiscoveryClientOptionalArgsConfiguration - Eureka HTTP Client uses Jersey
2022-01-21 15:18:27 [WARN ] o.s.c.l.c.BlockingLoadBalancerClientAutoConfiguration$BlockingLoadBalancerClientRibbonWarnLogger - You already have RibbonLoadBalancerClient on your classpath. It will be used by default. As Spring Cloud Ribbon is in maintenance mode. We recommend switching to BlockingLoadBalancerClient instead. In order to use it, set the value of `spring.cloud.loadbalancer.ribbon.enabled` to `false` or remove spring-cloud-starter-netflix-ribbon from your project.
2022-01-21 15:18:27 [INFO ] o.s.b.a.e.web.EndpointLinksResolver - Exposing 2 endpoint(s) beneath base path '/actuator'
2022-01-21 15:18:27 [INFO ] o.s.c.n.eureka.InstanceInfoFactory - Setting initial instance status as: STARTING
2022-01-21 15:18:27 [INFO ] c.netflix.discovery.DiscoveryClient - Initializing Eureka in region us-east-1
2022-01-21 15:18:27 [INFO ] c.n.d.p.DiscoveryJerseyProvider - Using JSON encoding codec LegacyJacksonJson
2022-01-21 15:18:27 [INFO ] c.n.d.p.DiscoveryJerseyProvider - Using JSON decoding codec LegacyJacksonJson
2022-01-21 15:18:27 [INFO ] c.n.d.p.DiscoveryJerseyProvider - Using XML encoding codec XStreamXml
2022-01-21 15:18:27 [INFO ] c.n.d.p.DiscoveryJerseyProvider - Using XML decoding codec XStreamXml
2022-01-21 15:18:27 [INFO ] c.n.d.s.r.aws.ConfigClusterResolver - Resolving eureka endpoints via configuration
2022-01-21 15:18:28 [INFO ] c.netflix.discovery.DiscoveryClient - Disable delta property : false
2022-01-21 15:18:28 [INFO ] c.netflix.discovery.DiscoveryClient - Single vip registry refresh property : null
2022-01-21 15:18:28 [INFO ] c.netflix.discovery.DiscoveryClient - Force full registry fetch : false
2022-01-21 15:18:28 [INFO ] c.netflix.discovery.DiscoveryClient - Application is null : false
2022-01-21 15:18:28 [INFO ] c.netflix.discovery.DiscoveryClient - Registered Applications size is zero : true
2022-01-21 15:18:28 [INFO ] c.netflix.discovery.DiscoveryClient - Application version is -1: true
2022-01-21 15:18:28 [INFO ] c.netflix.discovery.DiscoveryClient - Getting all instance registry info from the eureka server
2022-01-21 15:18:28 [INFO ] c.netflix.discovery.DiscoveryClient - The response status is 200
2022-01-21 15:18:28 [INFO ] c.netflix.discovery.DiscoveryClient - Starting heartbeat executor: renew interval is: 4
2022-01-21 15:18:28 [INFO ] c.n.discovery.InstanceInfoReplicator - InstanceInfoReplicator onDemand update allowed rate per min is 4
2022-01-21 15:18:28 [INFO ] c.netflix.discovery.DiscoveryClient - Discovery Client initialized at timestamp 1642749508455 with initial instances count: 1
2022-01-21 15:18:28 [INFO ] o.s.c.n.e.s.EurekaServiceRegistry - Registering application SPRING-PLAYER-I18N-SERVICE with eureka with status UP
2022-01-21 15:18:28 [INFO ] c.netflix.discovery.DiscoveryClient - Saw local status change event StatusChangeEvent [timestamp=1642749508458, current=UP, previous=STARTING]
2022-01-21 15:18:28 [INFO ] c.netflix.discovery.DiscoveryClient - DiscoveryClient_SPRING-PLAYER-I18N-SERVICE/localhost:spring-player-i18n-service:5300: registering service...
2022-01-21 15:18:28 [INFO ] io.undertow - starting server: Undertow - 2.1.7.Final
2022-01-21 15:18:28 [INFO ] org.xnio - XNIO version 3.8.0.Final
2022-01-21 15:18:28 [INFO ] c.netflix.discovery.DiscoveryClient - DiscoveryClient_SPRING-PLAYER-I18N-SERVICE/localhost:spring-player-i18n-service:5300 - registration status: 204
2022-01-21 15:18:28 [INFO ] org.xnio.nio - XNIO NIO Implementation Version 3.8.0.Final
2022-01-21 15:18:28 [INFO ] org.jboss.threads - JBoss Threads version 3.1.0.Final
2022-01-21 15:18:28 [INFO ] o.s.b.w.e.undertow.UndertowWebServer - Undertow started on port(s) 5300 (http)
2022-01-21 15:18:28 [INFO ] o.s.c.n.e.s.EurekaAutoServiceRegistration - Updating port to 5300
2022-01-21 15:18:29 [INFO ] o.s.cloud.commons.util.InetUtils - Cannot determine local hostname
2022-01-21 15:18:29 [INFO ] c.g.p.s.i18n.I18nApplication - Started I18nApplication in 11.686 seconds (JVM running for 12.367)
2022-01-21 15:18:46 [INFO ] io.undertow.servlet - Initializing Spring DispatcherServlet 'dispatcherServlet'
2022-01-21 15:18:46 [INFO ] o.s.web.servlet.DispatcherServlet - Initializing Servlet 'dispatcherServlet'
2022-01-21 15:18:46 [INFO ] o.s.web.servlet.DispatcherServlet - Completed initialization in 6 ms
2022-01-21 15:18:46 [INFO ] com.zaxxer.hikari.HikariDataSource - HikariPool-1 - Starting...
2022-01-21 15:18:46 [INFO ] com.zaxxer.hikari.HikariDataSource - HikariPool-1 - Start completed.
2022-01-21 15:23:28 [INFO ] c.n.d.s.r.aws.ConfigClusterResolver - Resolving eureka endpoints via configuration
2022-01-21 15:28:28 [INFO ] c.n.d.s.r.aws.ConfigClusterResolver - Resolving eureka endpoints via configuration
2022-01-21 15:33:28 [INFO ] c.n.d.s.r.aws.ConfigClusterResolver - Resolving eureka endpoints via configuration
2022-01-21 15:38:28 [INFO ] c.n.d.s.r.aws.ConfigClusterResolver - Resolving eureka endpoints via configuration
2022-01-21 15:43:28 [INFO ] c.n.d.s.r.aws.ConfigClusterResolver - Resolving eureka endpoints via configuration
2022-01-21 15:48:28 [INFO ] c.n.d.s.r.aws.ConfigClusterResolver - Resolving eureka endpoints via configuration
2022-01-21 15:53:28 [INFO ] c.n.d.s.r.aws.ConfigClusterResolver - Resolving eureka endpoints via configuration
2022-01-21 15:58:28 [INFO ] c.n.d.s.r.aws.ConfigClusterResolver - Resolving eureka endpoints via configuration
2022-01-21 16:03:28 [INFO ] c.n.d.s.r.aws.ConfigClusterResolver - Resolving eureka endpoints via configuration
2022-01-21 16:08:28 [INFO ] c.n.d.s.r.aws.ConfigClusterResolver - Resolving eureka endpoints via configuration
2022-01-21 16:13:28 [INFO ] c.n.d.s.r.aws.ConfigClusterResolver - Resolving eureka endpoints via configuration
2022-01-21 16:18:28 [INFO ] c.n.d.s.r.aws.ConfigClusterResolver - Resolving eureka endpoints via configuration
2022-01-21 16:23:28 [INFO ] c.n.d.s.r.aws.ConfigClusterResolver - Resolving eureka endpoints via configuration
2022-01-21 16:28:28 [INFO ] c.n.d.s.r.aws.ConfigClusterResolver - Resolving eureka endpoints via configuration
2022-01-21 16:33:28 [INFO ] c.n.d.s.r.aws.ConfigClusterResolver - Resolving eureka endpoints via configuration
2022-01-21 16:38:28 [INFO ] c.n.d.s.r.aws.ConfigClusterResolver - Resolving eureka endpoints via configuration
2022-01-21 16:43:28 [INFO ] c.n.d.s.r.aws.ConfigClusterResolver - Resolving eureka endpoints via configuration
2022-01-21 16:48:28 [INFO ] c.n.d.s.r.aws.ConfigClusterResolver - Resolving eureka endpoints via configuration
2022-01-21 16:53:28 [INFO ] c.n.d.s.r.aws.ConfigClusterResolver - Resolving eureka endpoints via configuration
2022-01-21 16:58:28 [INFO ] c.n.d.s.r.aws.ConfigClusterResolver - Resolving eureka endpoints via configuration
2022-01-21 17:03:28 [INFO ] c.n.d.s.r.aws.ConfigClusterResolver - Resolving eureka endpoints via configuration
2022-01-21 17:08:28 [INFO ] c.n.d.s.r.aws.ConfigClusterResolver - Resolving eureka endpoints via configuration
2022-01-21 17:30:40 [INFO ] o.h.validator.internal.util.Version - HV000001: Hibernate Validator 6.1.7.Final
2022-01-21 17:30:42 [INFO ] c.g.p.s.i18n.I18nApplication - No active profile set, falling back to default profiles: default
2022-01-21 17:30:43 [WARN ] o.s.boot.actuate.endpoint.EndpointId - Endpoint ID 'service-registry' contains invalid characters, please migrate to a valid format.
2022-01-21 17:30:43 [INFO ] o.s.cloud.context.scope.GenericScope - BeanFactory id=9c560132-ff60-303d-8aed-90b91049bc6c
2022-01-21 17:30:43 [WARN ] io.undertow.websockets.jsr - UT026010: Buffer pool was not set on WebSocketDeploymentInfo, the default pool will be used
2022-01-21 17:30:43 [INFO ] io.undertow.servlet - Initializing Spring embedded WebApplicationContext
2022-01-21 17:30:43 [INFO ] o.s.b.w.s.c.ServletWebServerApplicationContext - Root WebApplicationContext: initialization completed in 1270 ms
2022-01-21 17:30:43 [WARN ] c.n.c.sources.URLConfigurationSource - No URLs will be polled as dynamic configuration sources.
2022-01-21 17:30:43 [INFO ] c.n.c.sources.URLConfigurationSource - To enable URLs as dynamic configuration sources, define System property archaius.configurationSource.additionalUrls or make config.properties available on classpath.
2022-01-21 17:30:43 [INFO ] c.n.config.DynamicPropertyFactory - DynamicPropertyFactory is initialized with configuration sources: com.netflix.config.ConcurrentCompositeConfiguration@3e8b3b79
2022-01-21 17:30:44 [WARN ] c.n.c.sources.URLConfigurationSource - No URLs will be polled as dynamic configuration sources.
2022-01-21 17:30:44 [INFO ] c.n.c.sources.URLConfigurationSource - To enable URLs as dynamic configuration sources, define System property archaius.configurationSource.additionalUrls or make config.properties available on classpath.
2022-01-21 17:30:44 [INFO ] o.s.s.c.ThreadPoolTaskExecutor - Initializing ExecutorService 'applicationTaskExecutor'
2022-01-21 17:30:45 [INFO ] o.s.cloud.commons.util.InetUtils - Cannot determine local hostname
2022-01-21 17:30:47 [INFO ] o.s.cloud.commons.util.InetUtils - Cannot determine local hostname
2022-01-21 17:30:47 [INFO ] o.s.c.n.e.c.DiscoveryClientOptionalArgsConfiguration - Eureka HTTP Client uses Jersey
2022-01-21 17:30:47 [WARN ] o.s.c.l.c.BlockingLoadBalancerClientAutoConfiguration$BlockingLoadBalancerClientRibbonWarnLogger - You already have RibbonLoadBalancerClient on your classpath. It will be used by default. As Spring Cloud Ribbon is in maintenance mode. We recommend switching to BlockingLoadBalancerClient instead. In order to use it, set the value of `spring.cloud.loadbalancer.ribbon.enabled` to `false` or remove spring-cloud-starter-netflix-ribbon from your project.
2022-01-21 17:30:47 [INFO ] o.s.b.a.e.web.EndpointLinksResolver - Exposing 2 endpoint(s) beneath base path '/actuator'
2022-01-21 17:30:47 [INFO ] o.s.c.n.eureka.InstanceInfoFactory - Setting initial instance status as: STARTING
2022-01-21 17:30:47 [INFO ] c.netflix.discovery.DiscoveryClient - Initializing Eureka in region us-east-1
2022-01-21 17:30:47 [INFO ] c.n.d.p.DiscoveryJerseyProvider - Using JSON encoding codec LegacyJacksonJson
2022-01-21 17:30:47 [INFO ] c.n.d.p.DiscoveryJerseyProvider - Using JSON decoding codec LegacyJacksonJson
2022-01-21 17:30:47 [INFO ] c.n.d.p.DiscoveryJerseyProvider - Using XML encoding codec XStreamXml
2022-01-21 17:30:47 [INFO ] c.n.d.p.DiscoveryJerseyProvider - Using XML decoding codec XStreamXml
2022-01-21 17:30:47 [INFO ] c.n.d.s.r.aws.ConfigClusterResolver - Resolving eureka endpoints via configuration
2022-01-21 17:30:47 [INFO ] c.netflix.discovery.DiscoveryClient - Disable delta property : false
2022-01-21 17:30:47 [INFO ] c.netflix.discovery.DiscoveryClient - Single vip registry refresh property : null
2022-01-21 17:30:47 [INFO ] c.netflix.discovery.DiscoveryClient - Force full registry fetch : false
2022-01-21 17:30:47 [INFO ] c.netflix.discovery.DiscoveryClient - Application is null : false
2022-01-21 17:30:47 [INFO ] c.netflix.discovery.DiscoveryClient - Registered Applications size is zero : true
2022-01-21 17:30:47 [INFO ] c.netflix.discovery.DiscoveryClient - Application version is -1: true
2022-01-21 17:30:47 [INFO ] c.netflix.discovery.DiscoveryClient - Getting all instance registry info from the eureka server
2022-01-21 17:30:48 [INFO ] c.netflix.discovery.DiscoveryClient - The response status is 200
2022-01-21 17:30:48 [INFO ] c.netflix.discovery.DiscoveryClient - Starting heartbeat executor: renew interval is: 4
2022-01-21 17:30:48 [INFO ] c.n.discovery.InstanceInfoReplicator - InstanceInfoReplicator onDemand update allowed rate per min is 4
2022-01-21 17:30:48 [INFO ] c.netflix.discovery.DiscoveryClient - Discovery Client initialized at timestamp 1642757448085 with initial instances count: 1
2022-01-21 17:30:48 [INFO ] o.s.c.n.e.s.EurekaServiceRegistry - Registering application SPRING-PLAYER-I18N-SERVICE with eureka with status UP
2022-01-21 17:30:48 [INFO ] c.netflix.discovery.DiscoveryClient - Saw local status change event StatusChangeEvent [timestamp=1642757448087, current=UP, previous=STARTING]
2022-01-21 17:30:48 [INFO ] c.netflix.discovery.DiscoveryClient - DiscoveryClient_SPRING-PLAYER-I18N-SERVICE/localhost:spring-player-i18n-service:5300: registering service...
2022-01-21 17:30:48 [INFO ] io.undertow - starting server: Undertow - 2.1.7.Final
2022-01-21 17:30:48 [INFO ] org.xnio - XNIO version 3.8.0.Final
2022-01-21 17:30:48 [INFO ] org.xnio.nio - XNIO NIO Implementation Version 3.8.0.Final
2022-01-21 17:30:48 [INFO ] c.netflix.discovery.DiscoveryClient - DiscoveryClient_SPRING-PLAYER-I18N-SERVICE/localhost:spring-player-i18n-service:5300 - registration status: 204
2022-01-21 17:30:48 [INFO ] org.jboss.threads - JBoss Threads version 3.1.0.Final
2022-01-21 17:30:48 [INFO ] o.s.b.w.e.undertow.UndertowWebServer - Undertow started on port(s) 5300 (http)
2022-01-21 17:30:48 [INFO ] o.s.c.n.e.s.EurekaAutoServiceRegistration - Updating port to 5300
2022-01-21 17:30:49 [INFO ] o.s.cloud.commons.util.InetUtils - Cannot determine local hostname
2022-01-21 17:30:49 [INFO ] c.g.p.s.i18n.I18nApplication - Started I18nApplication in 9.764 seconds (JVM running for 10.178)
2022-01-21 17:34:37 [INFO ] io.undertow.servlet - Initializing Spring DispatcherServlet 'dispatcherServlet'
2022-01-21 17:34:37 [INFO ] o.s.web.servlet.DispatcherServlet - Initializing Servlet 'dispatcherServlet'
2022-01-21 17:34:37 [INFO ] o.s.web.servlet.DispatcherServlet - Completed initialization in 4 ms
2022-01-21 17:34:37 [INFO ] com.zaxxer.hikari.HikariDataSource - HikariPool-1 - Starting...
2022-01-21 17:34:37 [INFO ] com.zaxxer.hikari.HikariDataSource - HikariPool-1 - Start completed.
2022-01-21 17:35:47 [INFO ] c.n.d.s.r.aws.ConfigClusterResolver - Resolving eureka endpoints via configuration
2022-01-21 17:40:47 [INFO ] c.n.d.s.r.aws.ConfigClusterResolver - Resolving eureka endpoints via configuration
2022-01-21 17:45:47 [INFO ] c.n.d.s.r.aws.ConfigClusterResolver - Resolving eureka endpoints via configuration
2022-01-21 17:50:47 [INFO ] c.n.d.s.r.aws.ConfigClusterResolver - Resolving eureka endpoints via configuration
2022-01-21 17:55:47 [INFO ] c.n.d.s.r.aws.ConfigClusterResolver - Resolving eureka endpoints via configuration
2022-01-21 18:00:47 [INFO ] c.n.d.s.r.aws.ConfigClusterResolver - Resolving eureka endpoints via configuration
2022-01-21 18:05:47 [INFO ] c.n.d.s.r.aws.ConfigClusterResolver - Resolving eureka endpoints via configuration
2022-01-21 18:10:48 [INFO ] c.n.d.s.r.aws.ConfigClusterResolver - Resolving eureka endpoints via configuration
2022-01-21 18:15:48 [INFO ] c.n.d.s.r.aws.ConfigClusterResolver - Resolving eureka endpoints via configuration
2022-01-21 18:20:48 [INFO ] c.n.d.s.r.aws.ConfigClusterResolver - Resolving eureka endpoints via configuration
2022-01-21 18:25:48 [INFO ] c.n.d.s.r.aws.ConfigClusterResolver - Resolving eureka endpoints via configuration
2022-01-21 18:30:48 [INFO ] c.n.d.s.r.aws.ConfigClusterResolver - Resolving eureka endpoints via configuration
2022-01-21 18:35:48 [INFO ] c.n.d.s.r.aws.ConfigClusterResolver - Resolving eureka endpoints via configuration
2022-01-21 18:40:48 [INFO ] c.n.d.s.r.aws.ConfigClusterResolver - Resolving eureka endpoints via configuration
2022-01-21 18:45:48 [INFO ] c.n.d.s.r.aws.ConfigClusterResolver - Resolving eureka endpoints via configuration
2022-01-21 18:50:48 [INFO ] c.n.d.s.r.aws.ConfigClusterResolver - Resolving eureka endpoints via configuration
2022-01-21 18:55:48 [INFO ] c.n.d.s.r.aws.ConfigClusterResolver - Resolving eureka endpoints via configuration
2022-01-21 19:00:48 [INFO ] c.n.d.s.r.aws.ConfigClusterResolver - Resolving eureka endpoints via configuration
2022-01-21 19:05:48 [INFO ] c.n.d.s.r.aws.ConfigClusterResolver - Resolving eureka endpoints via configuration
2022-01-21 19:10:48 [INFO ] c.n.d.s.r.aws.ConfigClusterResolver - Resolving eureka endpoints via configuration
2022-01-21 19:15:48 [INFO ] c.n.d.s.r.aws.ConfigClusterResolver - Resolving eureka endpoints via configuration
2022-01-21 19:20:48 [INFO ] c.n.d.s.r.aws.ConfigClusterResolver - Resolving eureka endpoints via configuration
2022-01-21 19:25:48 [INFO ] c.n.d.s.r.aws.ConfigClusterResolver - Resolving eureka endpoints via configuration
