2022-02-16 12:22:25 [INFO ] o.h.validator.internal.util.Version - HV000001: Hibernate Validator 6.1.7.Final
2022-02-16 12:22:27 [INFO ] c.g.p.s.m.MessengerApplication - The following profiles are active: email
2022-02-16 12:22:28 [INFO ] o.s.d.r.c.RepositoryConfigurationDelegate - Multiple Spring Data modules found, entering strict repository configuration mode!
2022-02-16 12:22:28 [INFO ] o.s.d.r.c.RepositoryConfigurationDelegate - Bootstrapping Spring Data Redis repositories in DEFAULT mode.
2022-02-16 12:22:28 [INFO ] o.s.d.r.c.RepositoryConfigurationDelegate - Finished Spring Data repository scanning in 12ms. Found 0 Redis repository interfaces.
2022-02-16 12:22:29 [WARN ] o.s.boot.actuate.endpoint.EndpointId - Endpoint ID 'service-registry' contains invalid characters, please migrate to a valid format.
2022-02-16 12:22:29 [WARN ] o.m.s.mapper.ClassPathMapperScanner - No MyBatis mapper was found in '[com.github.paganini2008.springplayer.messenger]' package. Please check your configuration.
2022-02-16 12:22:29 [INFO ] o.s.cloud.context.scope.GenericScope - BeanFactory id=6b9cc454-7584-3906-ad17-275027bc88d9
2022-02-16 12:22:29 [INFO ] o.s.c.s.PostProcessorRegistrationDelegate$BeanPostProcessorChecker - Bean 'remoteI18nService' of type [org.springframework.cloud.openfeign.FeignClientFactoryBean] is not eligible for getting processed by all BeanPostProcessors (for example: not eligible for auto-proxying)
2022-02-16 12:22:29 [INFO ] o.s.c.s.PostProcessorRegistrationDelegate$BeanPostProcessorChecker - Bean 'com.github.paganini2008.springplayer.redis.pubsub.RedisPubSubConfig' of type [com.github.paganini2008.springplayer.redis.pubsub.RedisPubSubConfig] is not eligible for getting processed by all BeanPostProcessors (for example: not eligible for auto-proxying)
2022-02-16 12:22:30 [WARN ] io.undertow.websockets.jsr - UT026010: Buffer pool was not set on WebSocketDeploymentInfo, the default pool will be used
2022-02-16 12:22:30 [INFO ] io.undertow.servlet - Initializing Spring embedded WebApplicationContext
2022-02-16 12:22:30 [INFO ] o.s.b.w.s.c.ServletWebServerApplicationContext - Root WebApplicationContext: initialization completed in 2522 ms
2022-02-16 12:22:30 [WARN ] c.n.c.sources.URLConfigurationSource - No URLs will be polled as dynamic configuration sources.
2022-02-16 12:22:30 [INFO ] c.n.c.sources.URLConfigurationSource - To enable URLs as dynamic configuration sources, define System property archaius.configurationSource.additionalUrls or make config.properties available on classpath.
2022-02-16 12:22:30 [INFO ] c.n.config.DynamicPropertyFactory - DynamicPropertyFactory is initialized with configuration sources: com.netflix.config.ConcurrentCompositeConfiguration@56fda064
2022-02-16 12:22:33 [INFO ] o.s.cloud.commons.util.InetUtils - Cannot determine local hostname
2022-02-16 12:22:33 [INFO ] o.s.b.a.e.web.EndpointLinksResolver - Exposing 2 endpoint(s) beneath base path '/actuator'
2022-02-16 12:22:33 [INFO ] s.d.s.w.PropertySourcedRequestMappingHandlerMapping - Mapped URL path [/v2/api-docs] onto method [springfox.documentation.swagger2.web.Swagger2Controller#getDocumentation(String, HttpServletRequest)]
2022-02-16 12:22:33 [WARN ] c.n.c.sources.URLConfigurationSource - No URLs will be polled as dynamic configuration sources.
2022-02-16 12:22:33 [INFO ] c.n.c.sources.URLConfigurationSource - To enable URLs as dynamic configuration sources, define System property archaius.configurationSource.additionalUrls or make config.properties available on classpath.
2022-02-16 12:22:33 [INFO ] o.s.s.c.ThreadPoolTaskExecutor - Initializing ExecutorService 'applicationTaskExecutor'
2022-02-16 12:22:34 [WARN ] o.s.b.w.s.c.AnnotationConfigServletWebServerApplicationContext - Exception encountered during context initialization - cancelling refresh attempt: org.springframework.beans.factory.UnsatisfiedDependencyException: Error creating bean with name 'org.springframework.boot.autoconfigure.kafka.KafkaAnnotationDrivenConfiguration': Unsatisfied dependency expressed through constructor parameter 0; nested exception is org.springframework.boot.context.properties.ConfigurationPropertiesBindException: Error creating bean with name 'spring.kafka-org.springframework.boot.autoconfigure.kafka.KafkaProperties': Could not bind properties to 'KafkaProperties' : prefix=spring.kafka, ignoreInvalidFields=false, ignoreUnknownFields=true; nested exception is org.springframework.boot.context.properties.bind.BindException: Failed to bind properties under 'spring.kafka.consumer.value-deserializer' to java.lang.Class<?>
2022-02-16 12:22:34 [INFO ] o.s.s.c.ThreadPoolTaskExecutor - Shutting down ExecutorService 'applicationTaskExecutor'
2022-02-16 12:22:34 [INFO ] o.s.b.a.l.ConditionEvaluationReportLoggingListener - 

Error starting ApplicationContext. To display the conditions report re-run your application with 'debug' enabled.
2022-02-16 12:24:01 [INFO ] o.h.validator.internal.util.Version - HV000001: Hibernate Validator 6.1.7.Final
2022-02-16 12:24:03 [INFO ] c.g.p.s.m.MessengerApplication - The following profiles are active: email
2022-02-16 12:24:04 [INFO ] o.s.d.r.c.RepositoryConfigurationDelegate - Multiple Spring Data modules found, entering strict repository configuration mode!
2022-02-16 12:24:04 [INFO ] o.s.d.r.c.RepositoryConfigurationDelegate - Bootstrapping Spring Data Redis repositories in DEFAULT mode.
2022-02-16 12:24:04 [INFO ] o.s.d.r.c.RepositoryConfigurationDelegate - Finished Spring Data repository scanning in 12ms. Found 0 Redis repository interfaces.
2022-02-16 12:24:04 [WARN ] o.s.boot.actuate.endpoint.EndpointId - Endpoint ID 'service-registry' contains invalid characters, please migrate to a valid format.
2022-02-16 12:24:04 [WARN ] o.m.s.mapper.ClassPathMapperScanner - No MyBatis mapper was found in '[com.github.paganini2008.springplayer.messenger]' package. Please check your configuration.
2022-02-16 12:24:05 [INFO ] o.s.cloud.context.scope.GenericScope - BeanFactory id=6b9cc454-7584-3906-ad17-275027bc88d9
2022-02-16 12:24:05 [INFO ] o.s.c.s.PostProcessorRegistrationDelegate$BeanPostProcessorChecker - Bean 'remoteI18nService' of type [org.springframework.cloud.openfeign.FeignClientFactoryBean] is not eligible for getting processed by all BeanPostProcessors (for example: not eligible for auto-proxying)
2022-02-16 12:24:05 [INFO ] o.s.c.s.PostProcessorRegistrationDelegate$BeanPostProcessorChecker - Bean 'com.github.paganini2008.springplayer.redis.pubsub.RedisPubSubConfig' of type [com.github.paganini2008.springplayer.redis.pubsub.RedisPubSubConfig] is not eligible for getting processed by all BeanPostProcessors (for example: not eligible for auto-proxying)
2022-02-16 12:24:05 [WARN ] io.undertow.websockets.jsr - UT026010: Buffer pool was not set on WebSocketDeploymentInfo, the default pool will be used
2022-02-16 12:24:05 [INFO ] io.undertow.servlet - Initializing Spring embedded WebApplicationContext
2022-02-16 12:24:05 [INFO ] o.s.b.w.s.c.ServletWebServerApplicationContext - Root WebApplicationContext: initialization completed in 2517 ms
2022-02-16 12:24:05 [WARN ] c.n.c.sources.URLConfigurationSource - No URLs will be polled as dynamic configuration sources.
2022-02-16 12:24:05 [INFO ] c.n.c.sources.URLConfigurationSource - To enable URLs as dynamic configuration sources, define System property archaius.configurationSource.additionalUrls or make config.properties available on classpath.
2022-02-16 12:24:06 [INFO ] c.n.config.DynamicPropertyFactory - DynamicPropertyFactory is initialized with configuration sources: com.netflix.config.ConcurrentCompositeConfiguration@56fda064
2022-02-16 12:24:09 [INFO ] o.s.cloud.commons.util.InetUtils - Cannot determine local hostname
2022-02-16 12:24:09 [INFO ] o.s.b.a.e.web.EndpointLinksResolver - Exposing 2 endpoint(s) beneath base path '/actuator'
2022-02-16 12:24:09 [INFO ] s.d.s.w.PropertySourcedRequestMappingHandlerMapping - Mapped URL path [/v2/api-docs] onto method [springfox.documentation.swagger2.web.Swagger2Controller#getDocumentation(String, HttpServletRequest)]
2022-02-16 12:24:09 [WARN ] c.n.c.sources.URLConfigurationSource - No URLs will be polled as dynamic configuration sources.
2022-02-16 12:24:09 [INFO ] c.n.c.sources.URLConfigurationSource - To enable URLs as dynamic configuration sources, define System property archaius.configurationSource.additionalUrls or make config.properties available on classpath.
2022-02-16 12:24:09 [INFO ] o.s.s.c.ThreadPoolTaskExecutor - Initializing ExecutorService 'applicationTaskExecutor'
2022-02-16 12:24:11 [INFO ] o.s.cloud.commons.util.InetUtils - Cannot determine local hostname
2022-02-16 12:24:11 [INFO ] o.s.c.n.e.c.DiscoveryClientOptionalArgsConfiguration - Eureka HTTP Client uses Jersey
2022-02-16 12:24:11 [WARN ] o.s.c.l.c.BlockingLoadBalancerClientAutoConfiguration$BlockingLoadBalancerClientRibbonWarnLogger - You already have RibbonLoadBalancerClient on your classpath. It will be used by default. As Spring Cloud Ribbon is in maintenance mode. We recommend switching to BlockingLoadBalancerClient instead. In order to use it, set the value of `spring.cloud.loadbalancer.ribbon.enabled` to `false` or remove spring-cloud-starter-netflix-ribbon from your project.
2022-02-16 12:24:11 [INFO ] o.s.c.n.eureka.InstanceInfoFactory - Setting initial instance status as: STARTING
2022-02-16 12:24:11 [INFO ] c.netflix.discovery.DiscoveryClient - Initializing Eureka in region us-east-1
2022-02-16 12:24:11 [INFO ] c.n.d.p.DiscoveryJerseyProvider - Using JSON encoding codec LegacyJacksonJson
2022-02-16 12:24:11 [INFO ] c.n.d.p.DiscoveryJerseyProvider - Using JSON decoding codec LegacyJacksonJson
2022-02-16 12:24:11 [INFO ] c.n.d.p.DiscoveryJerseyProvider - Using XML encoding codec XStreamXml
2022-02-16 12:24:11 [INFO ] c.n.d.p.DiscoveryJerseyProvider - Using XML decoding codec XStreamXml
2022-02-16 12:24:12 [INFO ] c.n.d.s.r.aws.ConfigClusterResolver - Resolving eureka endpoints via configuration
2022-02-16 12:24:12 [INFO ] c.netflix.discovery.DiscoveryClient - Disable delta property : false
2022-02-16 12:24:12 [INFO ] c.netflix.discovery.DiscoveryClient - Single vip registry refresh property : null
2022-02-16 12:24:12 [INFO ] c.netflix.discovery.DiscoveryClient - Force full registry fetch : false
2022-02-16 12:24:12 [INFO ] c.netflix.discovery.DiscoveryClient - Application is null : false
2022-02-16 12:24:12 [INFO ] c.netflix.discovery.DiscoveryClient - Registered Applications size is zero : true
2022-02-16 12:24:12 [INFO ] c.netflix.discovery.DiscoveryClient - Application version is -1: true
2022-02-16 12:24:12 [INFO ] c.netflix.discovery.DiscoveryClient - Getting all instance registry info from the eureka server
2022-02-16 12:24:12 [INFO ] c.netflix.discovery.DiscoveryClient - The response status is 200
2022-02-16 12:24:12 [INFO ] c.netflix.discovery.DiscoveryClient - Starting heartbeat executor: renew interval is: 4
2022-02-16 12:24:12 [INFO ] c.n.discovery.InstanceInfoReplicator - InstanceInfoReplicator onDemand update allowed rate per min is 4
2022-02-16 12:24:12 [INFO ] c.netflix.discovery.DiscoveryClient - Discovery Client initialized at timestamp 1644985452510 with initial instances count: 3
2022-02-16 12:24:12 [INFO ] o.s.c.n.e.s.EurekaServiceRegistry - Registering application YL-PLATFORM-MESSAGING-SERVICE with eureka with status UP
2022-02-16 12:24:12 [INFO ] c.netflix.discovery.DiscoveryClient - Saw local status change event StatusChangeEvent [timestamp=1644985452513, current=UP, previous=STARTING]
2022-02-16 12:24:12 [INFO ] c.netflix.discovery.DiscoveryClient - DiscoveryClient_YL-PLATFORM-MESSAGING-SERVICE/localhost:yl-platform-messaging-service:50718: registering service...
2022-02-16 12:24:12 [INFO ] io.undertow - starting server: Undertow - 2.1.7.Final
2022-02-16 12:24:12 [INFO ] c.netflix.discovery.DiscoveryClient - DiscoveryClient_YL-PLATFORM-MESSAGING-SERVICE/localhost:yl-platform-messaging-service:50718 - registration status: 204
2022-02-16 12:24:12 [INFO ] org.xnio - XNIO version 3.8.0.Final
2022-02-16 12:24:12 [INFO ] org.xnio.nio - XNIO NIO Implementation Version 3.8.0.Final
2022-02-16 12:24:12 [INFO ] org.jboss.threads - JBoss Threads version 3.1.0.Final
2022-02-16 12:24:12 [INFO ] o.s.b.w.e.undertow.UndertowWebServer - Undertow started on port(s) 50718 (http)
2022-02-16 12:24:12 [INFO ] o.s.c.n.e.s.EurekaAutoServiceRegistration - Updating port to 50718
2022-02-16 12:24:13 [INFO ] o.s.cloud.commons.util.InetUtils - Cannot determine local hostname
2022-02-16 12:24:13 [INFO ] s.d.s.w.p.DocumentationPluginsBootstrapper - Context refreshed
2022-02-16 12:24:13 [INFO ] s.d.s.w.p.DocumentationPluginsBootstrapper - Found 1 custom documentation plugin(s)
2022-02-16 12:24:13 [INFO ] s.d.s.w.s.ApiListingReferenceScanner - Scanning for api listing references
2022-02-16 12:24:14 [INFO ] s.d.s.w.r.o.CachingOperationNameGenerator - Generating unique operation named: sendMessageUsingPOST_1
2022-02-16 12:24:14 [INFO ] s.d.s.w.r.o.CachingOperationNameGenerator - Generating unique operation named: handleUsingGET_1
2022-02-16 12:24:14 [INFO ] s.d.s.w.r.o.CachingOperationNameGenerator - Generating unique operation named: handleUsingGET_2
2022-02-16 12:24:14 [WARN ] s.d.s.p.CachingModelPropertiesProvider - Exception calculating properties for model(com.github.paganini2008.springplayer.sysinfo.ServerInfo) -> ModelContext{groupName=default, type=com.github.paganini2008.springplayer.sysinfo.ServerInfo, isReturnType=true}. java.lang.IllegalArgumentException: Conflicting setter definitions for property "sysFiles": com.github.paganini2008.springplayer.sysinfo.ServerInfo#setSysFiles(1 params) vs com.github.paganini2008.springplayer.sysinfo.ServerInfo#setSysFiles(1 params)
2022-02-16 12:24:14 [WARN ] s.d.s.p.CachingModelPropertiesProvider - Exception calculating properties for model(com.github.paganini2008.springplayer.sysinfo.ServerInfo) -> ModelContext{groupName=default, type=com.github.paganini2008.springplayer.sysinfo.ServerInfo, isReturnType=true}. java.lang.IllegalArgumentException: Conflicting setter definitions for property "sysFiles": com.github.paganini2008.springplayer.sysinfo.ServerInfo#setSysFiles(1 params) vs com.github.paganini2008.springplayer.sysinfo.ServerInfo#setSysFiles(1 params)
2022-02-16 12:24:14 [WARN ] s.d.s.p.CachingModelPropertiesProvider - Exception calculating properties for model(com.github.paganini2008.springplayer.sysinfo.ServerInfo) -> ModelContext{groupName=default, type=com.github.paganini2008.springplayer.sysinfo.ServerInfo, isReturnType=true}. java.lang.IllegalArgumentException: Conflicting setter definitions for property "sysFiles": com.github.paganini2008.springplayer.sysinfo.ServerInfo#setSysFiles(1 params) vs com.github.paganini2008.springplayer.sysinfo.ServerInfo#setSysFiles(1 params)
2022-02-16 12:24:14 [INFO ] o.s.a.r.c.CachingConnectionFactory - Attempting to connect to: [192.168.1.212:5672]
2022-02-16 12:24:14 [INFO ] o.s.a.r.c.CachingConnectionFactory - Created new connection: rabbitConnectionFactory#6e49b011:0/SimpleConnection@515d6c9f [delegate=amqp://guest@192.168.1.212:5672/, localPort= 60779]
2022-02-16 12:24:15 [INFO ] c.g.p.s.m.MessengerApplication - Started MessengerApplication in 15.436 seconds (JVM running for 15.988)
2022-02-16 12:24:15 [WARN ] o.s.a.r.l.ConditionalRejectingErrorHandler - Execution of Rabbit message listener failed.
org.springframework.amqp.rabbit.support.ListenerExecutionFailedException: Listener method 'public void com.github.paganini2008.springplayer.messenger.service.AmqpMessagingService.onData(org.springframework.amqp.core.Message,com.rabbitmq.client.Channel)' threw exception
	at org.springframework.amqp.rabbit.listener.adapter.MessagingMessageListenerAdapter.invokeHandler(MessagingMessageListenerAdapter.java:247)
	at org.springframework.amqp.rabbit.listener.adapter.MessagingMessageListenerAdapter.invokeHandlerAndProcessResult(MessagingMessageListenerAdapter.java:191)
	at org.springframework.amqp.rabbit.listener.adapter.MessagingMessageListenerAdapter.onMessage(MessagingMessageListenerAdapter.java:137)
	at org.springframework.amqp.rabbit.listener.AbstractMessageListenerContainer.doInvokeListener(AbstractMessageListenerContainer.java:1630)
	at org.springframework.amqp.rabbit.listener.AbstractMessageListenerContainer.actualInvokeListener(AbstractMessageListenerContainer.java:1549)
	at org.springframework.amqp.rabbit.listener.AbstractMessageListenerContainer.invokeListener(AbstractMessageListenerContainer.java:1537)
	at org.springframework.amqp.rabbit.listener.AbstractMessageListenerContainer.doExecuteListener(AbstractMessageListenerContainer.java:1528)
	at org.springframework.amqp.rabbit.listener.AbstractMessageListenerContainer.executeListener(AbstractMessageListenerContainer.java:1472)
	at org.springframework.amqp.rabbit.listener.SimpleMessageListenerContainer.doReceiveAndExecute(SimpleMessageListenerContainer.java:977)
	at org.springframework.amqp.rabbit.listener.SimpleMessageListenerContainer.receiveAndExecute(SimpleMessageListenerContainer.java:923)
	at org.springframework.amqp.rabbit.listener.SimpleMessageListenerContainer.access$1600(SimpleMessageListenerContainer.java:83)
	at org.springframework.amqp.rabbit.listener.SimpleMessageListenerContainer$AsyncMessageProcessingConsumer.mainLoop(SimpleMessageListenerContainer.java:1298)
	at org.springframework.amqp.rabbit.listener.SimpleMessageListenerContainer$AsyncMessageProcessingConsumer.run(SimpleMessageListenerContainer.java:1204)
	at java.lang.Thread.run(Thread.java:748)
Caused by: java.lang.IllegalArgumentException: Source instance must not be null.
	at com.github.paganini2008.devtools.Assert.isTrue(Assert.java:96)
	at com.github.paganini2008.devtools.Assert.isNull(Assert.java:48)
	at com.github.paganini2008.devtools.beans.PropertyUtils.copyProperties(PropertyUtils.java:260)
	at com.github.paganini2008.devtools.beans.PropertyUtils.copyProperties(PropertyUtils.java:255)
	at com.github.paganini2008.devtools.beans.PropertyUtils.copyProperties(PropertyUtils.java:251)
	at com.github.paganini2008.devtools.beans.PropertyUtils.copyProperties(PropertyUtils.java:247)
	at com.github.paganini2008.devtools.beans.BeanUtils.copyProperties(BeanUtils.java:54)
	at com.github.paganini2008.devtools.beans.BeanUtils.copyProperties(BeanUtils.java:50)
	at com.github.paganini2008.springplayer.messenger.service.DingTalkSenderService.convert2DingActionCardMessage(DingTalkSenderService.java:82)
	at com.github.paganini2008.springplayer.messenger.service.DingTalkSenderService.processSendingDingTalk(DingTalkSenderService.java:56)
	at com.github.paganini2008.springplayer.messenger.service.AmqpMessagingService.handleMessage(AmqpMessagingService.java:79)
	at com.github.paganini2008.springplayer.messenger.service.AmqpMessagingService.onData(AmqpMessagingService.java:94)
	at sun.reflect.NativeMethodAccessorImpl.invoke0(Native Method)
	at sun.reflect.NativeMethodAccessorImpl.invoke(NativeMethodAccessorImpl.java:62)
	at sun.reflect.DelegatingMethodAccessorImpl.invoke(DelegatingMethodAccessorImpl.java:43)
	at java.lang.reflect.Method.invoke(Method.java:498)
	at org.springframework.messaging.handler.invocation.InvocableHandlerMethod.doInvoke(InvocableHandlerMethod.java:171)
	at org.springframework.messaging.handler.invocation.InvocableHandlerMethod.invoke(InvocableHandlerMethod.java:120)
	at org.springframework.amqp.rabbit.listener.adapter.HandlerAdapter.invoke(HandlerAdapter.java:53)
	at org.springframework.amqp.rabbit.listener.adapter.MessagingMessageListenerAdapter.invokeHandler(MessagingMessageListenerAdapter.java:239)
	... 13 common frames omitted
2022-02-16 12:25:28 [INFO ] o.h.validator.internal.util.Version - HV000001: Hibernate Validator 6.1.7.Final
2022-02-16 12:25:30 [INFO ] c.g.p.s.m.MessengerApplication - The following profiles are active: email
2022-02-16 12:25:31 [INFO ] o.s.d.r.c.RepositoryConfigurationDelegate - Multiple Spring Data modules found, entering strict repository configuration mode!
2022-02-16 12:25:31 [INFO ] o.s.d.r.c.RepositoryConfigurationDelegate - Bootstrapping Spring Data Redis repositories in DEFAULT mode.
2022-02-16 12:25:31 [INFO ] o.s.d.r.c.RepositoryConfigurationDelegate - Finished Spring Data repository scanning in 11ms. Found 0 Redis repository interfaces.
2022-02-16 12:25:31 [WARN ] o.s.boot.actuate.endpoint.EndpointId - Endpoint ID 'service-registry' contains invalid characters, please migrate to a valid format.
2022-02-16 12:25:32 [WARN ] o.m.s.mapper.ClassPathMapperScanner - No MyBatis mapper was found in '[com.github.paganini2008.springplayer.messenger]' package. Please check your configuration.
2022-02-16 12:25:32 [INFO ] o.s.cloud.context.scope.GenericScope - BeanFactory id=a63b0e06-1856-35dc-95a7-d07fb8b1ad96
2022-02-16 12:25:32 [INFO ] o.s.c.s.PostProcessorRegistrationDelegate$BeanPostProcessorChecker - Bean 'remoteI18nService' of type [org.springframework.cloud.openfeign.FeignClientFactoryBean] is not eligible for getting processed by all BeanPostProcessors (for example: not eligible for auto-proxying)
2022-02-16 12:25:32 [INFO ] o.s.c.s.PostProcessorRegistrationDelegate$BeanPostProcessorChecker - Bean 'com.github.paganini2008.springplayer.redis.pubsub.RedisPubSubConfig' of type [com.github.paganini2008.springplayer.redis.pubsub.RedisPubSubConfig] is not eligible for getting processed by all BeanPostProcessors (for example: not eligible for auto-proxying)
2022-02-16 12:25:32 [WARN ] io.undertow.websockets.jsr - UT026010: Buffer pool was not set on WebSocketDeploymentInfo, the default pool will be used
2022-02-16 12:25:33 [INFO ] io.undertow.servlet - Initializing Spring embedded WebApplicationContext
2022-02-16 12:25:33 [INFO ] o.s.b.w.s.c.ServletWebServerApplicationContext - Root WebApplicationContext: initialization completed in 2487 ms
2022-02-16 12:25:33 [WARN ] c.n.c.sources.URLConfigurationSource - No URLs will be polled as dynamic configuration sources.
2022-02-16 12:25:33 [INFO ] c.n.c.sources.URLConfigurationSource - To enable URLs as dynamic configuration sources, define System property archaius.configurationSource.additionalUrls or make config.properties available on classpath.
2022-02-16 12:25:33 [INFO ] c.n.config.DynamicPropertyFactory - DynamicPropertyFactory is initialized with configuration sources: com.netflix.config.ConcurrentCompositeConfiguration@13192275
2022-02-16 12:25:36 [INFO ] o.s.cloud.commons.util.InetUtils - Cannot determine local hostname
2022-02-16 12:25:36 [INFO ] o.s.b.a.e.web.EndpointLinksResolver - Exposing 2 endpoint(s) beneath base path '/actuator'
2022-02-16 12:25:36 [INFO ] s.d.s.w.PropertySourcedRequestMappingHandlerMapping - Mapped URL path [/v2/api-docs] onto method [springfox.documentation.swagger2.web.Swagger2Controller#getDocumentation(String, HttpServletRequest)]
2022-02-16 12:25:36 [WARN ] c.n.c.sources.URLConfigurationSource - No URLs will be polled as dynamic configuration sources.
2022-02-16 12:25:36 [INFO ] c.n.c.sources.URLConfigurationSource - To enable URLs as dynamic configuration sources, define System property archaius.configurationSource.additionalUrls or make config.properties available on classpath.
2022-02-16 12:25:36 [INFO ] o.s.s.c.ThreadPoolTaskExecutor - Initializing ExecutorService 'applicationTaskExecutor'
2022-02-16 12:25:38 [INFO ] o.s.cloud.commons.util.InetUtils - Cannot determine local hostname
2022-02-16 12:25:38 [INFO ] o.s.c.n.e.c.DiscoveryClientOptionalArgsConfiguration - Eureka HTTP Client uses Jersey
2022-02-16 12:25:38 [WARN ] o.s.c.l.c.BlockingLoadBalancerClientAutoConfiguration$BlockingLoadBalancerClientRibbonWarnLogger - You already have RibbonLoadBalancerClient on your classpath. It will be used by default. As Spring Cloud Ribbon is in maintenance mode. We recommend switching to BlockingLoadBalancerClient instead. In order to use it, set the value of `spring.cloud.loadbalancer.ribbon.enabled` to `false` or remove spring-cloud-starter-netflix-ribbon from your project.
2022-02-16 12:25:38 [INFO ] o.s.c.n.eureka.InstanceInfoFactory - Setting initial instance status as: STARTING
2022-02-16 12:25:38 [INFO ] c.netflix.discovery.DiscoveryClient - Initializing Eureka in region us-east-1
2022-02-16 12:25:38 [INFO ] c.n.d.p.DiscoveryJerseyProvider - Using JSON encoding codec LegacyJacksonJson
2022-02-16 12:25:38 [INFO ] c.n.d.p.DiscoveryJerseyProvider - Using JSON decoding codec LegacyJacksonJson
2022-02-16 12:25:39 [INFO ] c.n.d.p.DiscoveryJerseyProvider - Using XML encoding codec XStreamXml
2022-02-16 12:25:39 [INFO ] c.n.d.p.DiscoveryJerseyProvider - Using XML decoding codec XStreamXml
2022-02-16 12:25:39 [INFO ] c.n.d.s.r.aws.ConfigClusterResolver - Resolving eureka endpoints via configuration
2022-02-16 12:25:39 [INFO ] c.netflix.discovery.DiscoveryClient - Disable delta property : false
2022-02-16 12:25:39 [INFO ] c.netflix.discovery.DiscoveryClient - Single vip registry refresh property : null
2022-02-16 12:25:39 [INFO ] c.netflix.discovery.DiscoveryClient - Force full registry fetch : false
2022-02-16 12:25:39 [INFO ] c.netflix.discovery.DiscoveryClient - Application is null : false
2022-02-16 12:25:39 [INFO ] c.netflix.discovery.DiscoveryClient - Registered Applications size is zero : true
2022-02-16 12:25:39 [INFO ] c.netflix.discovery.DiscoveryClient - Application version is -1: true
2022-02-16 12:25:39 [INFO ] c.netflix.discovery.DiscoveryClient - Getting all instance registry info from the eureka server
2022-02-16 12:25:39 [INFO ] c.netflix.discovery.DiscoveryClient - The response status is 200
2022-02-16 12:25:39 [INFO ] c.netflix.discovery.DiscoveryClient - Starting heartbeat executor: renew interval is: 4
2022-02-16 12:25:39 [INFO ] c.n.discovery.InstanceInfoReplicator - InstanceInfoReplicator onDemand update allowed rate per min is 4
2022-02-16 12:25:39 [INFO ] c.netflix.discovery.DiscoveryClient - Discovery Client initialized at timestamp 1644985539645 with initial instances count: 3
2022-02-16 12:25:39 [INFO ] o.s.c.n.e.s.EurekaServiceRegistry - Registering application YL-PLATFORM-MESSAGING-SERVICE with eureka with status UP
2022-02-16 12:25:39 [INFO ] c.netflix.discovery.DiscoveryClient - Saw local status change event StatusChangeEvent [timestamp=1644985539648, current=UP, previous=STARTING]
2022-02-16 12:25:39 [INFO ] c.netflix.discovery.DiscoveryClient - DiscoveryClient_YL-PLATFORM-MESSAGING-SERVICE/localhost:yl-platform-messaging-service:59116: registering service...
2022-02-16 12:25:39 [INFO ] io.undertow - starting server: Undertow - 2.1.7.Final
2022-02-16 12:25:39 [INFO ] org.xnio - XNIO version 3.8.0.Final
2022-02-16 12:25:39 [INFO ] c.netflix.discovery.DiscoveryClient - DiscoveryClient_YL-PLATFORM-MESSAGING-SERVICE/localhost:yl-platform-messaging-service:59116 - registration status: 204
2022-02-16 12:25:39 [INFO ] org.xnio.nio - XNIO NIO Implementation Version 3.8.0.Final
2022-02-16 12:25:39 [INFO ] org.jboss.threads - JBoss Threads version 3.1.0.Final
2022-02-16 12:25:39 [INFO ] o.s.b.w.e.undertow.UndertowWebServer - Undertow started on port(s) 59116 (http)
2022-02-16 12:25:39 [INFO ] o.s.c.n.e.s.EurekaAutoServiceRegistration - Updating port to 59116
2022-02-16 12:25:40 [INFO ] o.s.cloud.commons.util.InetUtils - Cannot determine local hostname
2022-02-16 12:25:40 [INFO ] s.d.s.w.p.DocumentationPluginsBootstrapper - Context refreshed
2022-02-16 12:25:40 [INFO ] s.d.s.w.p.DocumentationPluginsBootstrapper - Found 1 custom documentation plugin(s)
2022-02-16 12:25:40 [INFO ] s.d.s.w.s.ApiListingReferenceScanner - Scanning for api listing references
2022-02-16 12:25:41 [INFO ] s.d.s.w.r.o.CachingOperationNameGenerator - Generating unique operation named: sendMessageUsingPOST_1
2022-02-16 12:25:41 [INFO ] s.d.s.w.r.o.CachingOperationNameGenerator - Generating unique operation named: handleUsingGET_1
2022-02-16 12:25:41 [INFO ] s.d.s.w.r.o.CachingOperationNameGenerator - Generating unique operation named: handleUsingGET_2
2022-02-16 12:25:41 [WARN ] s.d.s.p.CachingModelPropertiesProvider - Exception calculating properties for model(com.github.paganini2008.springplayer.sysinfo.ServerInfo) -> ModelContext{groupName=default, type=com.github.paganini2008.springplayer.sysinfo.ServerInfo, isReturnType=true}. java.lang.IllegalArgumentException: Conflicting setter definitions for property "sysFiles": com.github.paganini2008.springplayer.sysinfo.ServerInfo#setSysFiles(1 params) vs com.github.paganini2008.springplayer.sysinfo.ServerInfo#setSysFiles(1 params)
2022-02-16 12:25:41 [WARN ] s.d.s.p.CachingModelPropertiesProvider - Exception calculating properties for model(com.github.paganini2008.springplayer.sysinfo.ServerInfo) -> ModelContext{groupName=default, type=com.github.paganini2008.springplayer.sysinfo.ServerInfo, isReturnType=true}. java.lang.IllegalArgumentException: Conflicting setter definitions for property "sysFiles": com.github.paganini2008.springplayer.sysinfo.ServerInfo#setSysFiles(1 params) vs com.github.paganini2008.springplayer.sysinfo.ServerInfo#setSysFiles(1 params)
2022-02-16 12:25:41 [WARN ] s.d.s.p.CachingModelPropertiesProvider - Exception calculating properties for model(com.github.paganini2008.springplayer.sysinfo.ServerInfo) -> ModelContext{groupName=default, type=com.github.paganini2008.springplayer.sysinfo.ServerInfo, isReturnType=true}. java.lang.IllegalArgumentException: Conflicting setter definitions for property "sysFiles": com.github.paganini2008.springplayer.sysinfo.ServerInfo#setSysFiles(1 params) vs com.github.paganini2008.springplayer.sysinfo.ServerInfo#setSysFiles(1 params)
2022-02-16 12:25:41 [INFO ] c.g.p.s.m.MessengerApplication - Started MessengerApplication in 13.949 seconds (JVM running for 14.5)
2022-02-16 12:26:01 [INFO ] io.undertow.servlet - Initializing Spring DispatcherServlet 'dispatcherServlet'
2022-02-16 12:26:01 [INFO ] o.s.web.servlet.DispatcherServlet - Initializing Servlet 'dispatcherServlet'
2022-02-16 12:26:01 [INFO ] o.s.web.servlet.DispatcherServlet - Completed initialization in 8 ms
2022-02-16 12:26:01 [WARN ] o.s.w.s.m.m.a.ExceptionHandlerExceptionResolver - Failure in @ExceptionHandler com.github.paganini2008.springplayer.webmvc.GlobalExceptionHandler#handleException(HttpServletRequest, Exception)
java.lang.NullPointerException: null
	at com.github.paganini2008.springplayer.web.HttpRequestContextHolder.getHeader(HttpRequestContextHolder.java:48)
	at com.github.paganini2008.springplayer.web.HttpRequestContextHolder.getHeader(HttpRequestContextHolder.java:43)
	at com.github.paganini2008.springplayer.webmvc.GlobalExceptionHandler.handleException(GlobalExceptionHandler.java:89)
	at sun.reflect.NativeMethodAccessorImpl.invoke0(Native Method)
	at sun.reflect.NativeMethodAccessorImpl.invoke(NativeMethodAccessorImpl.java:62)
	at sun.reflect.DelegatingMethodAccessorImpl.invoke(DelegatingMethodAccessorImpl.java:43)
	at java.lang.reflect.Method.invoke(Method.java:498)
	at org.springframework.web.method.support.InvocableHandlerMethod.doInvoke(InvocableHandlerMethod.java:190)
	at org.springframework.web.method.support.InvocableHandlerMethod.invokeForRequest(InvocableHandlerMethod.java:138)
	at org.springframework.web.servlet.mvc.method.annotation.ServletInvocableHandlerMethod.invokeAndHandle(ServletInvocableHandlerMethod.java:105)
	at org.springframework.web.servlet.mvc.method.annotation.ExceptionHandlerExceptionResolver.doResolveHandlerMethodException(ExceptionHandlerExceptionResolver.java:407)
	at org.springframework.web.servlet.handler.AbstractHandlerMethodExceptionResolver.doResolveException(AbstractHandlerMethodExceptionResolver.java:61)
	at org.springframework.web.servlet.handler.AbstractHandlerExceptionResolver.resolveException(AbstractHandlerExceptionResolver.java:141)
	at org.springframework.web.servlet.handler.HandlerExceptionResolverComposite.resolveException(HandlerExceptionResolverComposite.java:80)
	at org.springframework.web.servlet.DispatcherServlet.processHandlerException(DispatcherServlet.java:1300)
	at org.springframework.web.servlet.DispatcherServlet.processDispatchResult(DispatcherServlet.java:1111)
	at org.springframework.web.servlet.DispatcherServlet.doDispatch(DispatcherServlet.java:1057)
	at org.springframework.web.servlet.DispatcherServlet.doService(DispatcherServlet.java:943)
	at org.springframework.web.servlet.FrameworkServlet.processRequest(FrameworkServlet.java:1006)
	at org.springframework.web.servlet.FrameworkServlet.doGet(FrameworkServlet.java:898)
	at javax.servlet.http.HttpServlet.service(HttpServlet.java:497)
	at org.springframework.web.servlet.FrameworkServlet.service(FrameworkServlet.java:883)
	at javax.servlet.http.HttpServlet.service(HttpServlet.java:584)
	at io.undertow.servlet.handlers.ServletHandler.handleRequest(ServletHandler.java:74)
	at io.undertow.servlet.handlers.FilterHandler$FilterChainImpl.doFilter(FilterHandler.java:129)
	at org.springframework.web.filter.OncePerRequestFilter.doFilter(OncePerRequestFilter.java:103)
	at io.undertow.servlet.core.ManagedFilter.doFilter(ManagedFilter.java:61)
	at io.undertow.servlet.handlers.FilterHandler$FilterChainImpl.doFilter(FilterHandler.java:131)
	at org.springframework.web.filter.RequestContextFilter.doFilterInternal(RequestContextFilter.java:100)
	at org.springframework.web.filter.OncePerRequestFilter.doFilter(OncePerRequestFilter.java:119)
	at io.undertow.servlet.core.ManagedFilter.doFilter(ManagedFilter.java:61)
	at io.undertow.servlet.handlers.FilterHandler$FilterChainImpl.doFilter(FilterHandler.java:131)
	at org.springframework.web.filter.OncePerRequestFilter.doFilter(OncePerRequestFilter.java:103)
	at io.undertow.servlet.core.ManagedFilter.doFilter(ManagedFilter.java:61)
	at io.undertow.servlet.handlers.FilterHandler$FilterChainImpl.doFilter(FilterHandler.java:131)
	at org.springframework.web.filter.OncePerRequestFilter.doFilter(OncePerRequestFilter.java:103)
	at io.undertow.servlet.core.ManagedFilter.doFilter(ManagedFilter.java:61)
	at io.undertow.servlet.handlers.FilterHandler$FilterChainImpl.doFilter(FilterHandler.java:131)
	at io.undertow.servlet.handlers.FilterHandler.handleRequest(FilterHandler.java:84)
	at io.undertow.servlet.handlers.security.ServletSecurityRoleHandler.handleRequest(ServletSecurityRoleHandler.java:62)
	at io.undertow.servlet.handlers.ServletChain$1.handleRequest(ServletChain.java:68)
	at io.undertow.servlet.handlers.ServletDispatchingHandler.handleRequest(ServletDispatchingHandler.java:36)
	at io.undertow.servlet.handlers.RedirectDirHandler.handleRequest(RedirectDirHandler.java:68)
	at io.undertow.server.handlers.PredicateHandler.handleRequest(PredicateHandler.java:43)
	at io.undertow.server.handlers.PredicateHandler.handleRequest(PredicateHandler.java:43)
	at io.undertow.servlet.handlers.ServletInitialHandler.dispatchRequest(ServletInitialHandler.java:251)
	at io.undertow.servlet.handlers.ServletInitialHandler.dispatchToPath(ServletInitialHandler.java:186)
	at io.undertow.servlet.spec.RequestDispatcherImpl.error(RequestDispatcherImpl.java:501)
	at io.undertow.servlet.spec.RequestDispatcherImpl.error(RequestDispatcherImpl.java:419)
	at io.undertow.servlet.spec.HttpServletResponseImpl.doErrorDispatch(HttpServletResponseImpl.java:202)
	at io.undertow.servlet.handlers.ServletInitialHandler.handleFirstRequest(ServletInitialHandler.java:276)
	at io.undertow.servlet.handlers.ServletInitialHandler.access$100(ServletInitialHandler.java:78)
	at io.undertow.servlet.handlers.ServletInitialHandler$2.call(ServletInitialHandler.java:133)
	at io.undertow.servlet.handlers.ServletInitialHandler$2.call(ServletInitialHandler.java:130)
	at io.undertow.servlet.core.ServletRequestContextThreadSetupAction$1.call(ServletRequestContextThreadSetupAction.java:48)
	at io.undertow.servlet.core.ContextClassLoaderSetupAction$1.call(ContextClassLoaderSetupAction.java:43)
	at io.undertow.servlet.handlers.ServletInitialHandler.dispatchRequest(ServletInitialHandler.java:249)
	at io.undertow.servlet.handlers.ServletInitialHandler.access$000(ServletInitialHandler.java:78)
	at io.undertow.servlet.handlers.ServletInitialHandler$1.handleRequest(ServletInitialHandler.java:99)
	at io.undertow.server.Connectors.executeRootHandler(Connectors.java:390)
	at io.undertow.server.HttpServerExchange$1.run(HttpServerExchange.java:836)
	at org.jboss.threads.ContextClassLoaderSavingRunnable.run(ContextClassLoaderSavingRunnable.java:35)
	at org.jboss.threads.EnhancedQueueExecutor.safeRun(EnhancedQueueExecutor.java:2019)
	at org.jboss.threads.EnhancedQueueExecutor$ThreadBody.doRunTask(EnhancedQueueExecutor.java:1558)
	at org.jboss.threads.EnhancedQueueExecutor$ThreadBody.run(EnhancedQueueExecutor.java:1449)
	at java.lang.Thread.run(Thread.java:748)
2022-02-16 12:26:01 [WARN ] o.s.w.s.m.m.a.ExceptionHandlerExceptionResolver - Failure in @ExceptionHandler com.github.paganini2008.springplayer.webmvc.GlobalExceptionHandler#handleException(HttpServletRequest, Exception)
java.lang.NullPointerException: null
	at com.github.paganini2008.springplayer.web.HttpRequestContextHolder.getHeader(HttpRequestContextHolder.java:48)
	at com.github.paganini2008.springplayer.web.HttpRequestContextHolder.getHeader(HttpRequestContextHolder.java:43)
	at com.github.paganini2008.springplayer.webmvc.GlobalExceptionHandler.handleException(GlobalExceptionHandler.java:89)
	at sun.reflect.NativeMethodAccessorImpl.invoke0(Native Method)
	at sun.reflect.NativeMethodAccessorImpl.invoke(NativeMethodAccessorImpl.java:62)
	at sun.reflect.DelegatingMethodAccessorImpl.invoke(DelegatingMethodAccessorImpl.java:43)
	at java.lang.reflect.Method.invoke(Method.java:498)
	at org.springframework.web.method.support.InvocableHandlerMethod.doInvoke(InvocableHandlerMethod.java:190)
	at org.springframework.web.method.support.InvocableHandlerMethod.invokeForRequest(InvocableHandlerMethod.java:138)
	at org.springframework.web.servlet.mvc.method.annotation.ServletInvocableHandlerMethod.invokeAndHandle(ServletInvocableHandlerMethod.java:105)
	at org.springframework.web.servlet.mvc.method.annotation.ExceptionHandlerExceptionResolver.doResolveHandlerMethodException(ExceptionHandlerExceptionResolver.java:407)
	at org.springframework.web.servlet.handler.AbstractHandlerMethodExceptionResolver.doResolveException(AbstractHandlerMethodExceptionResolver.java:61)
	at org.springframework.web.servlet.handler.AbstractHandlerExceptionResolver.resolveException(AbstractHandlerExceptionResolver.java:141)
	at org.springframework.web.servlet.handler.HandlerExceptionResolverComposite.resolveException(HandlerExceptionResolverComposite.java:80)
	at org.springframework.web.servlet.DispatcherServlet.processHandlerException(DispatcherServlet.java:1300)
	at org.springframework.web.servlet.DispatcherServlet.processDispatchResult(DispatcherServlet.java:1111)
	at org.springframework.web.servlet.DispatcherServlet.doDispatch(DispatcherServlet.java:1057)
	at org.springframework.web.servlet.DispatcherServlet.doService(DispatcherServlet.java:943)
	at org.springframework.web.servlet.FrameworkServlet.processRequest(FrameworkServlet.java:1006)
	at org.springframework.web.servlet.FrameworkServlet.doGet(FrameworkServlet.java:898)
	at javax.servlet.http.HttpServlet.service(HttpServlet.java:497)
	at org.springframework.web.servlet.FrameworkServlet.service(FrameworkServlet.java:883)
	at javax.servlet.http.HttpServlet.service(HttpServlet.java:584)
	at io.undertow.servlet.handlers.ServletHandler.handleRequest(ServletHandler.java:74)
	at io.undertow.servlet.handlers.FilterHandler$FilterChainImpl.doFilter(FilterHandler.java:129)
	at org.springframework.web.filter.OncePerRequestFilter.doFilter(OncePerRequestFilter.java:103)
	at io.undertow.servlet.core.ManagedFilter.doFilter(ManagedFilter.java:61)
	at io.undertow.servlet.handlers.FilterHandler$FilterChainImpl.doFilter(FilterHandler.java:131)
	at org.springframework.web.filter.RequestContextFilter.doFilterInternal(RequestContextFilter.java:100)
	at org.springframework.web.filter.OncePerRequestFilter.doFilter(OncePerRequestFilter.java:119)
	at io.undertow.servlet.core.ManagedFilter.doFilter(ManagedFilter.java:61)
	at io.undertow.servlet.handlers.FilterHandler$FilterChainImpl.doFilter(FilterHandler.java:131)
	at org.springframework.web.filter.OncePerRequestFilter.doFilter(OncePerRequestFilter.java:103)
	at io.undertow.servlet.core.ManagedFilter.doFilter(ManagedFilter.java:61)
	at io.undertow.servlet.handlers.FilterHandler$FilterChainImpl.doFilter(FilterHandler.java:131)
	at org.springframework.web.filter.OncePerRequestFilter.doFilter(OncePerRequestFilter.java:103)
	at io.undertow.servlet.core.ManagedFilter.doFilter(ManagedFilter.java:61)
	at io.undertow.servlet.handlers.FilterHandler$FilterChainImpl.doFilter(FilterHandler.java:131)
	at io.undertow.servlet.handlers.FilterHandler.handleRequest(FilterHandler.java:84)
	at io.undertow.servlet.handlers.security.ServletSecurityRoleHandler.handleRequest(ServletSecurityRoleHandler.java:62)
	at io.undertow.servlet.handlers.ServletChain$1.handleRequest(ServletChain.java:68)
	at io.undertow.servlet.handlers.ServletDispatchingHandler.handleRequest(ServletDispatchingHandler.java:36)
	at io.undertow.servlet.handlers.RedirectDirHandler.handleRequest(RedirectDirHandler.java:68)
	at io.undertow.server.handlers.PredicateHandler.handleRequest(PredicateHandler.java:43)
	at io.undertow.server.handlers.PredicateHandler.handleRequest(PredicateHandler.java:43)
	at io.undertow.servlet.handlers.ServletInitialHandler.dispatchRequest(ServletInitialHandler.java:251)
	at io.undertow.servlet.handlers.ServletInitialHandler.dispatchToPath(ServletInitialHandler.java:186)
	at io.undertow.servlet.spec.RequestDispatcherImpl.error(RequestDispatcherImpl.java:501)
	at io.undertow.servlet.spec.RequestDispatcherImpl.error(RequestDispatcherImpl.java:419)
	at io.undertow.servlet.spec.HttpServletResponseImpl.doErrorDispatch(HttpServletResponseImpl.java:202)
	at io.undertow.servlet.handlers.ServletInitialHandler.handleFirstRequest(ServletInitialHandler.java:276)
	at io.undertow.servlet.handlers.ServletInitialHandler.access$100(ServletInitialHandler.java:78)
	at io.undertow.servlet.handlers.ServletInitialHandler$2.call(ServletInitialHandler.java:133)
	at io.undertow.servlet.handlers.ServletInitialHandler$2.call(ServletInitialHandler.java:130)
	at io.undertow.servlet.core.ServletRequestContextThreadSetupAction$1.call(ServletRequestContextThreadSetupAction.java:48)
	at io.undertow.servlet.core.ContextClassLoaderSetupAction$1.call(ContextClassLoaderSetupAction.java:43)
	at io.undertow.servlet.handlers.ServletInitialHandler.dispatchRequest(ServletInitialHandler.java:249)
	at io.undertow.servlet.handlers.ServletInitialHandler.access$000(ServletInitialHandler.java:78)
	at io.undertow.servlet.handlers.ServletInitialHandler$1.handleRequest(ServletInitialHandler.java:99)
	at io.undertow.server.Connectors.executeRootHandler(Connectors.java:390)
	at io.undertow.server.HttpServerExchange$1.run(HttpServerExchange.java:836)
	at org.jboss.threads.ContextClassLoaderSavingRunnable.run(ContextClassLoaderSavingRunnable.java:35)
	at org.jboss.threads.EnhancedQueueExecutor.safeRun(EnhancedQueueExecutor.java:2019)
	at org.jboss.threads.EnhancedQueueExecutor$ThreadBody.doRunTask(EnhancedQueueExecutor.java:1558)
	at org.jboss.threads.EnhancedQueueExecutor$ThreadBody.run(EnhancedQueueExecutor.java:1449)
	at java.lang.Thread.run(Thread.java:748)
2022-02-16 13:55:17 [INFO ] o.h.validator.internal.util.Version - HV000001: Hibernate Validator 6.1.7.Final
2022-02-16 13:55:19 [INFO ] c.g.p.s.m.MessengerApplication - The following profiles are active: email
2022-02-16 13:55:20 [INFO ] o.s.d.r.c.RepositoryConfigurationDelegate - Multiple Spring Data modules found, entering strict repository configuration mode!
2022-02-16 13:55:20 [INFO ] o.s.d.r.c.RepositoryConfigurationDelegate - Bootstrapping Spring Data Redis repositories in DEFAULT mode.
2022-02-16 13:55:20 [INFO ] o.s.d.r.c.RepositoryConfigurationDelegate - Finished Spring Data repository scanning in 12ms. Found 0 Redis repository interfaces.
2022-02-16 13:55:20 [WARN ] o.s.boot.actuate.endpoint.EndpointId - Endpoint ID 'service-registry' contains invalid characters, please migrate to a valid format.
2022-02-16 13:55:20 [WARN ] o.m.s.mapper.ClassPathMapperScanner - No MyBatis mapper was found in '[com.github.paganini2008.springplayer.messenger]' package. Please check your configuration.
2022-02-16 13:55:20 [INFO ] o.s.cloud.context.scope.GenericScope - BeanFactory id=a63b0e06-1856-35dc-95a7-d07fb8b1ad96
2022-02-16 13:55:20 [INFO ] o.s.c.s.PostProcessorRegistrationDelegate$BeanPostProcessorChecker - Bean 'remoteI18nService' of type [org.springframework.cloud.openfeign.FeignClientFactoryBean] is not eligible for getting processed by all BeanPostProcessors (for example: not eligible for auto-proxying)
2022-02-16 13:55:21 [INFO ] o.s.c.s.PostProcessorRegistrationDelegate$BeanPostProcessorChecker - Bean 'com.github.paganini2008.springplayer.redis.pubsub.RedisPubSubConfig' of type [com.github.paganini2008.springplayer.redis.pubsub.RedisPubSubConfig] is not eligible for getting processed by all BeanPostProcessors (for example: not eligible for auto-proxying)
2022-02-16 13:55:21 [WARN ] io.undertow.websockets.jsr - UT026010: Buffer pool was not set on WebSocketDeploymentInfo, the default pool will be used
2022-02-16 13:55:21 [INFO ] io.undertow.servlet - Initializing Spring embedded WebApplicationContext
2022-02-16 13:55:21 [INFO ] o.s.b.w.s.c.ServletWebServerApplicationContext - Root WebApplicationContext: initialization completed in 2538 ms
2022-02-16 13:55:21 [WARN ] c.n.c.sources.URLConfigurationSource - No URLs will be polled as dynamic configuration sources.
2022-02-16 13:55:21 [INFO ] c.n.c.sources.URLConfigurationSource - To enable URLs as dynamic configuration sources, define System property archaius.configurationSource.additionalUrls or make config.properties available on classpath.
2022-02-16 13:55:21 [INFO ] c.n.config.DynamicPropertyFactory - DynamicPropertyFactory is initialized with configuration sources: com.netflix.config.ConcurrentCompositeConfiguration@13192275
2022-02-16 13:55:24 [INFO ] o.s.cloud.commons.util.InetUtils - Cannot determine local hostname
2022-02-16 13:55:24 [INFO ] o.s.b.a.e.web.EndpointLinksResolver - Exposing 2 endpoint(s) beneath base path '/actuator'
2022-02-16 13:55:25 [INFO ] s.d.s.w.PropertySourcedRequestMappingHandlerMapping - Mapped URL path [/v2/api-docs] onto method [springfox.documentation.swagger2.web.Swagger2Controller#getDocumentation(String, HttpServletRequest)]
2022-02-16 13:55:25 [WARN ] c.n.c.sources.URLConfigurationSource - No URLs will be polled as dynamic configuration sources.
2022-02-16 13:55:25 [INFO ] c.n.c.sources.URLConfigurationSource - To enable URLs as dynamic configuration sources, define System property archaius.configurationSource.additionalUrls or make config.properties available on classpath.
2022-02-16 13:55:25 [INFO ] o.s.s.c.ThreadPoolTaskExecutor - Initializing ExecutorService 'applicationTaskExecutor'
2022-02-16 13:55:27 [INFO ] o.s.cloud.commons.util.InetUtils - Cannot determine local hostname
2022-02-16 13:55:27 [INFO ] o.s.c.n.e.c.DiscoveryClientOptionalArgsConfiguration - Eureka HTTP Client uses Jersey
2022-02-16 13:55:27 [WARN ] o.s.c.l.c.BlockingLoadBalancerClientAutoConfiguration$BlockingLoadBalancerClientRibbonWarnLogger - You already have RibbonLoadBalancerClient on your classpath. It will be used by default. As Spring Cloud Ribbon is in maintenance mode. We recommend switching to BlockingLoadBalancerClient instead. In order to use it, set the value of `spring.cloud.loadbalancer.ribbon.enabled` to `false` or remove spring-cloud-starter-netflix-ribbon from your project.
2022-02-16 13:55:27 [INFO ] o.s.c.n.eureka.InstanceInfoFactory - Setting initial instance status as: STARTING
2022-02-16 13:55:27 [INFO ] c.netflix.discovery.DiscoveryClient - Initializing Eureka in region us-east-1
2022-02-16 13:55:27 [INFO ] c.n.d.p.DiscoveryJerseyProvider - Using JSON encoding codec LegacyJacksonJson
2022-02-16 13:55:27 [INFO ] c.n.d.p.DiscoveryJerseyProvider - Using JSON decoding codec LegacyJacksonJson
2022-02-16 13:55:27 [INFO ] c.n.d.p.DiscoveryJerseyProvider - Using XML encoding codec XStreamXml
2022-02-16 13:55:27 [INFO ] c.n.d.p.DiscoveryJerseyProvider - Using XML decoding codec XStreamXml
2022-02-16 13:55:27 [INFO ] c.n.d.s.r.aws.ConfigClusterResolver - Resolving eureka endpoints via configuration
2022-02-16 13:55:27 [INFO ] c.netflix.discovery.DiscoveryClient - Disable delta property : false
2022-02-16 13:55:27 [INFO ] c.netflix.discovery.DiscoveryClient - Single vip registry refresh property : null
2022-02-16 13:55:27 [INFO ] c.netflix.discovery.DiscoveryClient - Force full registry fetch : false
2022-02-16 13:55:27 [INFO ] c.netflix.discovery.DiscoveryClient - Application is null : false
2022-02-16 13:55:27 [INFO ] c.netflix.discovery.DiscoveryClient - Registered Applications size is zero : true
2022-02-16 13:55:27 [INFO ] c.netflix.discovery.DiscoveryClient - Application version is -1: true
2022-02-16 13:55:27 [INFO ] c.netflix.discovery.DiscoveryClient - Getting all instance registry info from the eureka server
2022-02-16 13:55:28 [INFO ] c.netflix.discovery.DiscoveryClient - The response status is 200
2022-02-16 13:55:28 [INFO ] c.netflix.discovery.DiscoveryClient - Starting heartbeat executor: renew interval is: 4
2022-02-16 13:55:28 [INFO ] c.n.discovery.InstanceInfoReplicator - InstanceInfoReplicator onDemand update allowed rate per min is 4
2022-02-16 13:55:28 [INFO ] c.netflix.discovery.DiscoveryClient - Discovery Client initialized at timestamp 1644990928247 with initial instances count: 3
2022-02-16 13:55:28 [INFO ] o.s.c.n.e.s.EurekaServiceRegistry - Registering application YL-PLATFORM-MESSAGING-SERVICE with eureka with status UP
2022-02-16 13:55:28 [INFO ] c.netflix.discovery.DiscoveryClient - Saw local status change event StatusChangeEvent [timestamp=1644990928250, current=UP, previous=STARTING]
2022-02-16 13:55:28 [INFO ] c.netflix.discovery.DiscoveryClient - DiscoveryClient_YL-PLATFORM-MESSAGING-SERVICE/localhost:yl-platform-messaging-service:51066: registering service...
2022-02-16 13:55:28 [INFO ] io.undertow - starting server: Undertow - 2.1.7.Final
2022-02-16 13:55:28 [INFO ] c.netflix.discovery.DiscoveryClient - DiscoveryClient_YL-PLATFORM-MESSAGING-SERVICE/localhost:yl-platform-messaging-service:51066 - registration status: 204
2022-02-16 13:55:28 [INFO ] org.xnio - XNIO version 3.8.0.Final
2022-02-16 13:55:28 [INFO ] org.xnio.nio - XNIO NIO Implementation Version 3.8.0.Final
2022-02-16 13:55:28 [INFO ] org.jboss.threads - JBoss Threads version 3.1.0.Final
2022-02-16 13:55:28 [INFO ] o.s.b.w.e.undertow.UndertowWebServer - Undertow started on port(s) 51066 (http)
2022-02-16 13:55:28 [INFO ] o.s.c.n.e.s.EurekaAutoServiceRegistration - Updating port to 51066
2022-02-16 13:55:29 [INFO ] o.s.cloud.commons.util.InetUtils - Cannot determine local hostname
2022-02-16 13:55:29 [INFO ] s.d.s.w.p.DocumentationPluginsBootstrapper - Context refreshed
2022-02-16 13:55:29 [INFO ] s.d.s.w.p.DocumentationPluginsBootstrapper - Found 1 custom documentation plugin(s)
2022-02-16 13:55:29 [INFO ] s.d.s.w.s.ApiListingReferenceScanner - Scanning for api listing references
2022-02-16 13:55:29 [INFO ] s.d.s.w.r.o.CachingOperationNameGenerator - Generating unique operation named: sendMessageUsingPOST_1
2022-02-16 13:55:29 [INFO ] c.g.p.s.m.MessengerApplication - Started MessengerApplication in 13.942 seconds (JVM running for 14.509)
2022-02-16 13:55:35 [INFO ] io.undertow.servlet - Initializing Spring DispatcherServlet 'dispatcherServlet'
2022-02-16 13:55:35 [INFO ] o.s.web.servlet.DispatcherServlet - Initializing Servlet 'dispatcherServlet'
2022-02-16 13:55:35 [INFO ] o.s.web.servlet.DispatcherServlet - Completed initialization in 10 ms
2022-02-16 13:55:35 [WARN ] o.s.w.s.m.m.a.ExceptionHandlerExceptionResolver - Failure in @ExceptionHandler com.github.paganini2008.springplayer.webmvc.GlobalExceptionHandler#handleException(HttpServletRequest, Exception)
java.lang.NullPointerException: null
	at com.github.paganini2008.springplayer.web.HttpRequestContextHolder.getHeader(HttpRequestContextHolder.java:48)
	at com.github.paganini2008.springplayer.web.HttpRequestContextHolder.getHeader(HttpRequestContextHolder.java:43)
	at com.github.paganini2008.springplayer.webmvc.GlobalExceptionHandler.handleException(GlobalExceptionHandler.java:89)
	at sun.reflect.NativeMethodAccessorImpl.invoke0(Native Method)
	at sun.reflect.NativeMethodAccessorImpl.invoke(NativeMethodAccessorImpl.java:62)
	at sun.reflect.DelegatingMethodAccessorImpl.invoke(DelegatingMethodAccessorImpl.java:43)
	at java.lang.reflect.Method.invoke(Method.java:498)
	at org.springframework.web.method.support.InvocableHandlerMethod.doInvoke(InvocableHandlerMethod.java:190)
	at org.springframework.web.method.support.InvocableHandlerMethod.invokeForRequest(InvocableHandlerMethod.java:138)
	at org.springframework.web.servlet.mvc.method.annotation.ServletInvocableHandlerMethod.invokeAndHandle(ServletInvocableHandlerMethod.java:105)
	at org.springframework.web.servlet.mvc.method.annotation.ExceptionHandlerExceptionResolver.doResolveHandlerMethodException(ExceptionHandlerExceptionResolver.java:407)
	at org.springframework.web.servlet.handler.AbstractHandlerMethodExceptionResolver.doResolveException(AbstractHandlerMethodExceptionResolver.java:61)
	at org.springframework.web.servlet.handler.AbstractHandlerExceptionResolver.resolveException(AbstractHandlerExceptionResolver.java:141)
	at org.springframework.web.servlet.handler.HandlerExceptionResolverComposite.resolveException(HandlerExceptionResolverComposite.java:80)
	at org.springframework.web.servlet.DispatcherServlet.processHandlerException(DispatcherServlet.java:1300)
	at org.springframework.web.servlet.DispatcherServlet.processDispatchResult(DispatcherServlet.java:1111)
	at org.springframework.web.servlet.DispatcherServlet.doDispatch(DispatcherServlet.java:1057)
	at org.springframework.web.servlet.DispatcherServlet.doService(DispatcherServlet.java:943)
	at org.springframework.web.servlet.FrameworkServlet.processRequest(FrameworkServlet.java:1006)
	at org.springframework.web.servlet.FrameworkServlet.doGet(FrameworkServlet.java:898)
	at javax.servlet.http.HttpServlet.service(HttpServlet.java:497)
	at org.springframework.web.servlet.FrameworkServlet.service(FrameworkServlet.java:883)
	at javax.servlet.http.HttpServlet.service(HttpServlet.java:584)
	at io.undertow.servlet.handlers.ServletHandler.handleRequest(ServletHandler.java:74)
	at io.undertow.servlet.handlers.FilterHandler$FilterChainImpl.doFilter(FilterHandler.java:129)
	at org.springframework.web.filter.OncePerRequestFilter.doFilter(OncePerRequestFilter.java:103)
	at io.undertow.servlet.core.ManagedFilter.doFilter(ManagedFilter.java:61)
	at io.undertow.servlet.handlers.FilterHandler$FilterChainImpl.doFilter(FilterHandler.java:131)
	at org.springframework.web.filter.RequestContextFilter.doFilterInternal(RequestContextFilter.java:100)
	at org.springframework.web.filter.OncePerRequestFilter.doFilter(OncePerRequestFilter.java:119)
	at io.undertow.servlet.core.ManagedFilter.doFilter(ManagedFilter.java:61)
	at io.undertow.servlet.handlers.FilterHandler$FilterChainImpl.doFilter(FilterHandler.java:131)
	at org.springframework.web.filter.OncePerRequestFilter.doFilter(OncePerRequestFilter.java:103)
	at io.undertow.servlet.core.ManagedFilter.doFilter(ManagedFilter.java:61)
	at io.undertow.servlet.handlers.FilterHandler$FilterChainImpl.doFilter(FilterHandler.java:131)
	at org.springframework.web.filter.OncePerRequestFilter.doFilter(OncePerRequestFilter.java:103)
	at io.undertow.servlet.core.ManagedFilter.doFilter(ManagedFilter.java:61)
	at io.undertow.servlet.handlers.FilterHandler$FilterChainImpl.doFilter(FilterHandler.java:131)
	at io.undertow.servlet.handlers.FilterHandler.handleRequest(FilterHandler.java:84)
	at io.undertow.servlet.handlers.security.ServletSecurityRoleHandler.handleRequest(ServletSecurityRoleHandler.java:62)
	at io.undertow.servlet.handlers.ServletChain$1.handleRequest(ServletChain.java:68)
	at io.undertow.servlet.handlers.ServletDispatchingHandler.handleRequest(ServletDispatchingHandler.java:36)
	at io.undertow.servlet.handlers.RedirectDirHandler.handleRequest(RedirectDirHandler.java:68)
	at io.undertow.server.handlers.PredicateHandler.handleRequest(PredicateHandler.java:43)
	at io.undertow.server.handlers.PredicateHandler.handleRequest(PredicateHandler.java:43)
	at io.undertow.servlet.handlers.ServletInitialHandler.dispatchRequest(ServletInitialHandler.java:251)
	at io.undertow.servlet.handlers.ServletInitialHandler.dispatchToPath(ServletInitialHandler.java:186)
	at io.undertow.servlet.spec.RequestDispatcherImpl.error(RequestDispatcherImpl.java:501)
	at io.undertow.servlet.spec.RequestDispatcherImpl.error(RequestDispatcherImpl.java:419)
	at io.undertow.servlet.spec.HttpServletResponseImpl.doErrorDispatch(HttpServletResponseImpl.java:202)
	at io.undertow.servlet.handlers.ServletInitialHandler.handleFirstRequest(ServletInitialHandler.java:276)
	at io.undertow.servlet.handlers.ServletInitialHandler.access$100(ServletInitialHandler.java:78)
	at io.undertow.servlet.handlers.ServletInitialHandler$2.call(ServletInitialHandler.java:133)
	at io.undertow.servlet.handlers.ServletInitialHandler$2.call(ServletInitialHandler.java:130)
	at io.undertow.servlet.core.ServletRequestContextThreadSetupAction$1.call(ServletRequestContextThreadSetupAction.java:48)
	at io.undertow.servlet.core.ContextClassLoaderSetupAction$1.call(ContextClassLoaderSetupAction.java:43)
	at io.undertow.servlet.handlers.ServletInitialHandler.dispatchRequest(ServletInitialHandler.java:249)
	at io.undertow.servlet.handlers.ServletInitialHandler.access$000(ServletInitialHandler.java:78)
	at io.undertow.servlet.handlers.ServletInitialHandler$1.handleRequest(ServletInitialHandler.java:99)
	at io.undertow.server.Connectors.executeRootHandler(Connectors.java:390)
	at io.undertow.server.HttpServerExchange$1.run(HttpServerExchange.java:836)
	at org.jboss.threads.ContextClassLoaderSavingRunnable.run(ContextClassLoaderSavingRunnable.java:35)
	at org.jboss.threads.EnhancedQueueExecutor.safeRun(EnhancedQueueExecutor.java:2019)
	at org.jboss.threads.EnhancedQueueExecutor$ThreadBody.doRunTask(EnhancedQueueExecutor.java:1558)
	at org.jboss.threads.EnhancedQueueExecutor$ThreadBody.run(EnhancedQueueExecutor.java:1449)
	at java.lang.Thread.run(Thread.java:748)
2022-02-16 13:55:35 [WARN ] o.s.w.s.m.m.a.ExceptionHandlerExceptionResolver - Failure in @ExceptionHandler com.github.paganini2008.springplayer.webmvc.GlobalExceptionHandler#handleException(HttpServletRequest, Exception)
java.lang.NullPointerException: null
	at com.github.paganini2008.springplayer.web.HttpRequestContextHolder.getHeader(HttpRequestContextHolder.java:48)
	at com.github.paganini2008.springplayer.web.HttpRequestContextHolder.getHeader(HttpRequestContextHolder.java:43)
	at com.github.paganini2008.springplayer.webmvc.GlobalExceptionHandler.handleException(GlobalExceptionHandler.java:89)
	at sun.reflect.NativeMethodAccessorImpl.invoke0(Native Method)
	at sun.reflect.NativeMethodAccessorImpl.invoke(NativeMethodAccessorImpl.java:62)
	at sun.reflect.DelegatingMethodAccessorImpl.invoke(DelegatingMethodAccessorImpl.java:43)
	at java.lang.reflect.Method.invoke(Method.java:498)
	at org.springframework.web.method.support.InvocableHandlerMethod.doInvoke(InvocableHandlerMethod.java:190)
	at org.springframework.web.method.support.InvocableHandlerMethod.invokeForRequest(InvocableHandlerMethod.java:138)
	at org.springframework.web.servlet.mvc.method.annotation.ServletInvocableHandlerMethod.invokeAndHandle(ServletInvocableHandlerMethod.java:105)
	at org.springframework.web.servlet.mvc.method.annotation.ExceptionHandlerExceptionResolver.doResolveHandlerMethodException(ExceptionHandlerExceptionResolver.java:407)
	at org.springframework.web.servlet.handler.AbstractHandlerMethodExceptionResolver.doResolveException(AbstractHandlerMethodExceptionResolver.java:61)
	at org.springframework.web.servlet.handler.AbstractHandlerExceptionResolver.resolveException(AbstractHandlerExceptionResolver.java:141)
	at org.springframework.web.servlet.handler.HandlerExceptionResolverComposite.resolveException(HandlerExceptionResolverComposite.java:80)
	at org.springframework.web.servlet.DispatcherServlet.processHandlerException(DispatcherServlet.java:1300)
	at org.springframework.web.servlet.DispatcherServlet.processDispatchResult(DispatcherServlet.java:1111)
	at org.springframework.web.servlet.DispatcherServlet.doDispatch(DispatcherServlet.java:1057)
	at org.springframework.web.servlet.DispatcherServlet.doService(DispatcherServlet.java:943)
	at org.springframework.web.servlet.FrameworkServlet.processRequest(FrameworkServlet.java:1006)
	at org.springframework.web.servlet.FrameworkServlet.doGet(FrameworkServlet.java:898)
	at javax.servlet.http.HttpServlet.service(HttpServlet.java:497)
	at org.springframework.web.servlet.FrameworkServlet.service(FrameworkServlet.java:883)
	at javax.servlet.http.HttpServlet.service(HttpServlet.java:584)
	at io.undertow.servlet.handlers.ServletHandler.handleRequest(ServletHandler.java:74)
	at io.undertow.servlet.handlers.FilterHandler$FilterChainImpl.doFilter(FilterHandler.java:129)
	at org.springframework.web.filter.OncePerRequestFilter.doFilter(OncePerRequestFilter.java:103)
	at io.undertow.servlet.core.ManagedFilter.doFilter(ManagedFilter.java:61)
	at io.undertow.servlet.handlers.FilterHandler$FilterChainImpl.doFilter(FilterHandler.java:131)
	at org.springframework.web.filter.RequestContextFilter.doFilterInternal(RequestContextFilter.java:100)
	at org.springframework.web.filter.OncePerRequestFilter.doFilter(OncePerRequestFilter.java:119)
	at io.undertow.servlet.core.ManagedFilter.doFilter(ManagedFilter.java:61)
	at io.undertow.servlet.handlers.FilterHandler$FilterChainImpl.doFilter(FilterHandler.java:131)
	at org.springframework.web.filter.OncePerRequestFilter.doFilter(OncePerRequestFilter.java:103)
	at io.undertow.servlet.core.ManagedFilter.doFilter(ManagedFilter.java:61)
	at io.undertow.servlet.handlers.FilterHandler$FilterChainImpl.doFilter(FilterHandler.java:131)
	at org.springframework.web.filter.OncePerRequestFilter.doFilter(OncePerRequestFilter.java:103)
	at io.undertow.servlet.core.ManagedFilter.doFilter(ManagedFilter.java:61)
	at io.undertow.servlet.handlers.FilterHandler$FilterChainImpl.doFilter(FilterHandler.java:131)
	at io.undertow.servlet.handlers.FilterHandler.handleRequest(FilterHandler.java:84)
	at io.undertow.servlet.handlers.security.ServletSecurityRoleHandler.handleRequest(ServletSecurityRoleHandler.java:62)
	at io.undertow.servlet.handlers.ServletChain$1.handleRequest(ServletChain.java:68)
	at io.undertow.servlet.handlers.ServletDispatchingHandler.handleRequest(ServletDispatchingHandler.java:36)
	at io.undertow.servlet.handlers.RedirectDirHandler.handleRequest(RedirectDirHandler.java:68)
	at io.undertow.server.handlers.PredicateHandler.handleRequest(PredicateHandler.java:43)
	at io.undertow.server.handlers.PredicateHandler.handleRequest(PredicateHandler.java:43)
	at io.undertow.servlet.handlers.ServletInitialHandler.dispatchRequest(ServletInitialHandler.java:251)
	at io.undertow.servlet.handlers.ServletInitialHandler.dispatchToPath(ServletInitialHandler.java:186)
	at io.undertow.servlet.spec.RequestDispatcherImpl.error(RequestDispatcherImpl.java:501)
	at io.undertow.servlet.spec.RequestDispatcherImpl.error(RequestDispatcherImpl.java:419)
	at io.undertow.servlet.spec.HttpServletResponseImpl.doErrorDispatch(HttpServletResponseImpl.java:202)
	at io.undertow.servlet.handlers.ServletInitialHandler.handleFirstRequest(ServletInitialHandler.java:276)
	at io.undertow.servlet.handlers.ServletInitialHandler.access$100(ServletInitialHandler.java:78)
	at io.undertow.servlet.handlers.ServletInitialHandler$2.call(ServletInitialHandler.java:133)
	at io.undertow.servlet.handlers.ServletInitialHandler$2.call(ServletInitialHandler.java:130)
	at io.undertow.servlet.core.ServletRequestContextThreadSetupAction$1.call(ServletRequestContextThreadSetupAction.java:48)
	at io.undertow.servlet.core.ContextClassLoaderSetupAction$1.call(ContextClassLoaderSetupAction.java:43)
	at io.undertow.servlet.handlers.ServletInitialHandler.dispatchRequest(ServletInitialHandler.java:249)
	at io.undertow.servlet.handlers.ServletInitialHandler.access$000(ServletInitialHandler.java:78)
	at io.undertow.servlet.handlers.ServletInitialHandler$1.handleRequest(ServletInitialHandler.java:99)
	at io.undertow.server.Connectors.executeRootHandler(Connectors.java:390)
	at io.undertow.server.HttpServerExchange$1.run(HttpServerExchange.java:836)
	at org.jboss.threads.ContextClassLoaderSavingRunnable.run(ContextClassLoaderSavingRunnable.java:35)
	at org.jboss.threads.EnhancedQueueExecutor.safeRun(EnhancedQueueExecutor.java:2019)
	at org.jboss.threads.EnhancedQueueExecutor$ThreadBody.doRunTask(EnhancedQueueExecutor.java:1558)
	at org.jboss.threads.EnhancedQueueExecutor$ThreadBody.run(EnhancedQueueExecutor.java:1449)
	at java.lang.Thread.run(Thread.java:748)
2022-02-16 13:56:59 [INFO ] o.h.validator.internal.util.Version - HV000001: Hibernate Validator 6.1.7.Final
2022-02-16 13:57:01 [INFO ] c.g.p.s.m.MessengerApplication - The following profiles are active: email
2022-02-16 13:57:02 [INFO ] o.s.d.r.c.RepositoryConfigurationDelegate - Multiple Spring Data modules found, entering strict repository configuration mode!
2022-02-16 13:57:02 [INFO ] o.s.d.r.c.RepositoryConfigurationDelegate - Bootstrapping Spring Data Redis repositories in DEFAULT mode.
2022-02-16 13:57:02 [INFO ] o.s.d.r.c.RepositoryConfigurationDelegate - Finished Spring Data repository scanning in 12ms. Found 0 Redis repository interfaces.
2022-02-16 13:57:03 [WARN ] o.s.boot.actuate.endpoint.EndpointId - Endpoint ID 'service-registry' contains invalid characters, please migrate to a valid format.
2022-02-16 13:57:03 [WARN ] o.m.s.mapper.ClassPathMapperScanner - No MyBatis mapper was found in '[com.github.paganini2008.springplayer.messenger]' package. Please check your configuration.
2022-02-16 13:57:03 [INFO ] o.s.cloud.context.scope.GenericScope - BeanFactory id=a63b0e06-1856-35dc-95a7-d07fb8b1ad96
2022-02-16 13:57:03 [INFO ] o.s.c.s.PostProcessorRegistrationDelegate$BeanPostProcessorChecker - Bean 'remoteI18nService' of type [org.springframework.cloud.openfeign.FeignClientFactoryBean] is not eligible for getting processed by all BeanPostProcessors (for example: not eligible for auto-proxying)
2022-02-16 13:57:03 [INFO ] o.s.c.s.PostProcessorRegistrationDelegate$BeanPostProcessorChecker - Bean 'com.github.paganini2008.springplayer.redis.pubsub.RedisPubSubConfig' of type [com.github.paganini2008.springplayer.redis.pubsub.RedisPubSubConfig] is not eligible for getting processed by all BeanPostProcessors (for example: not eligible for auto-proxying)
2022-02-16 13:57:04 [WARN ] io.undertow.websockets.jsr - UT026010: Buffer pool was not set on WebSocketDeploymentInfo, the default pool will be used
2022-02-16 13:57:04 [INFO ] io.undertow.servlet - Initializing Spring embedded WebApplicationContext
2022-02-16 13:57:04 [INFO ] o.s.b.w.s.c.ServletWebServerApplicationContext - Root WebApplicationContext: initialization completed in 2594 ms
2022-02-16 13:57:04 [WARN ] c.n.c.sources.URLConfigurationSource - No URLs will be polled as dynamic configuration sources.
2022-02-16 13:57:04 [INFO ] c.n.c.sources.URLConfigurationSource - To enable URLs as dynamic configuration sources, define System property archaius.configurationSource.additionalUrls or make config.properties available on classpath.
2022-02-16 13:57:04 [INFO ] c.n.config.DynamicPropertyFactory - DynamicPropertyFactory is initialized with configuration sources: com.netflix.config.ConcurrentCompositeConfiguration@13192275
2022-02-16 13:57:07 [INFO ] o.s.cloud.commons.util.InetUtils - Cannot determine local hostname
2022-02-16 13:57:07 [INFO ] o.s.b.a.e.web.EndpointLinksResolver - Exposing 2 endpoint(s) beneath base path '/actuator'
2022-02-16 13:57:07 [INFO ] s.d.s.w.PropertySourcedRequestMappingHandlerMapping - Mapped URL path [/v2/api-docs] onto method [springfox.documentation.swagger2.web.Swagger2Controller#getDocumentation(String, HttpServletRequest)]
2022-02-16 13:57:07 [WARN ] c.n.c.sources.URLConfigurationSource - No URLs will be polled as dynamic configuration sources.
2022-02-16 13:57:07 [INFO ] c.n.c.sources.URLConfigurationSource - To enable URLs as dynamic configuration sources, define System property archaius.configurationSource.additionalUrls or make config.properties available on classpath.
2022-02-16 13:57:07 [INFO ] o.s.s.c.ThreadPoolTaskExecutor - Initializing ExecutorService 'applicationTaskExecutor'
2022-02-16 13:57:09 [INFO ] o.s.cloud.commons.util.InetUtils - Cannot determine local hostname
2022-02-16 13:57:09 [INFO ] o.s.c.n.e.c.DiscoveryClientOptionalArgsConfiguration - Eureka HTTP Client uses Jersey
2022-02-16 13:57:09 [WARN ] o.s.c.l.c.BlockingLoadBalancerClientAutoConfiguration$BlockingLoadBalancerClientRibbonWarnLogger - You already have RibbonLoadBalancerClient on your classpath. It will be used by default. As Spring Cloud Ribbon is in maintenance mode. We recommend switching to BlockingLoadBalancerClient instead. In order to use it, set the value of `spring.cloud.loadbalancer.ribbon.enabled` to `false` or remove spring-cloud-starter-netflix-ribbon from your project.
2022-02-16 13:57:09 [INFO ] o.s.c.n.eureka.InstanceInfoFactory - Setting initial instance status as: STARTING
2022-02-16 13:57:09 [INFO ] c.netflix.discovery.DiscoveryClient - Initializing Eureka in region us-east-1
2022-02-16 13:57:09 [INFO ] c.n.d.p.DiscoveryJerseyProvider - Using JSON encoding codec LegacyJacksonJson
2022-02-16 13:57:09 [INFO ] c.n.d.p.DiscoveryJerseyProvider - Using JSON decoding codec LegacyJacksonJson
2022-02-16 13:57:10 [INFO ] c.n.d.p.DiscoveryJerseyProvider - Using XML encoding codec XStreamXml
2022-02-16 13:57:10 [INFO ] c.n.d.p.DiscoveryJerseyProvider - Using XML decoding codec XStreamXml
2022-02-16 13:57:10 [INFO ] c.n.d.s.r.aws.ConfigClusterResolver - Resolving eureka endpoints via configuration
2022-02-16 13:57:10 [INFO ] c.netflix.discovery.DiscoveryClient - Disable delta property : false
2022-02-16 13:57:10 [INFO ] c.netflix.discovery.DiscoveryClient - Single vip registry refresh property : null
2022-02-16 13:57:10 [INFO ] c.netflix.discovery.DiscoveryClient - Force full registry fetch : false
2022-02-16 13:57:10 [INFO ] c.netflix.discovery.DiscoveryClient - Application is null : false
2022-02-16 13:57:10 [INFO ] c.netflix.discovery.DiscoveryClient - Registered Applications size is zero : true
2022-02-16 13:57:10 [INFO ] c.netflix.discovery.DiscoveryClient - Application version is -1: true
2022-02-16 13:57:10 [INFO ] c.netflix.discovery.DiscoveryClient - Getting all instance registry info from the eureka server
2022-02-16 13:57:10 [INFO ] c.netflix.discovery.DiscoveryClient - The response status is 200
2022-02-16 13:57:10 [INFO ] c.netflix.discovery.DiscoveryClient - Starting heartbeat executor: renew interval is: 4
2022-02-16 13:57:10 [INFO ] c.n.discovery.InstanceInfoReplicator - InstanceInfoReplicator onDemand update allowed rate per min is 4
2022-02-16 13:57:10 [INFO ] c.netflix.discovery.DiscoveryClient - Discovery Client initialized at timestamp 1644991030637 with initial instances count: 3
2022-02-16 13:57:10 [INFO ] o.s.c.n.e.s.EurekaServiceRegistry - Registering application YL-PLATFORM-MESSAGING-SERVICE with eureka with status UP
2022-02-16 13:57:10 [INFO ] c.netflix.discovery.DiscoveryClient - Saw local status change event StatusChangeEvent [timestamp=1644991030640, current=UP, previous=STARTING]
2022-02-16 13:57:10 [INFO ] c.netflix.discovery.DiscoveryClient - DiscoveryClient_YL-PLATFORM-MESSAGING-SERVICE/localhost:yl-platform-messaging-service:55954: registering service...
2022-02-16 13:57:10 [INFO ] io.undertow - starting server: Undertow - 2.1.7.Final
2022-02-16 13:57:10 [INFO ] org.xnio - XNIO version 3.8.0.Final
2022-02-16 13:57:10 [INFO ] c.netflix.discovery.DiscoveryClient - DiscoveryClient_YL-PLATFORM-MESSAGING-SERVICE/localhost:yl-platform-messaging-service:55954 - registration status: 204
2022-02-16 13:57:10 [INFO ] org.xnio.nio - XNIO NIO Implementation Version 3.8.0.Final
2022-02-16 13:57:10 [INFO ] org.jboss.threads - JBoss Threads version 3.1.0.Final
2022-02-16 13:57:10 [INFO ] o.s.b.w.e.undertow.UndertowWebServer - Undertow started on port(s) 55954 (http)
2022-02-16 13:57:10 [INFO ] o.s.c.n.e.s.EurekaAutoServiceRegistration - Updating port to 55954
2022-02-16 13:57:11 [INFO ] o.s.cloud.commons.util.InetUtils - Cannot determine local hostname
2022-02-16 13:57:11 [INFO ] s.d.s.w.p.DocumentationPluginsBootstrapper - Context refreshed
2022-02-16 13:57:11 [INFO ] s.d.s.w.p.DocumentationPluginsBootstrapper - Found 1 custom documentation plugin(s)
2022-02-16 13:57:11 [INFO ] s.d.s.w.s.ApiListingReferenceScanner - Scanning for api listing references
2022-02-16 13:57:12 [INFO ] s.d.s.w.r.o.CachingOperationNameGenerator - Generating unique operation named: sendMessageUsingPOST_1
2022-02-16 13:57:12 [INFO ] c.g.p.s.m.MessengerApplication - Started MessengerApplication in 13.926 seconds (JVM running for 14.48)
2022-02-16 13:57:24 [INFO ] io.undertow.servlet - Initializing Spring DispatcherServlet 'dispatcherServlet'
2022-02-16 13:57:24 [INFO ] o.s.web.servlet.DispatcherServlet - Initializing Servlet 'dispatcherServlet'
2022-02-16 13:57:25 [INFO ] o.s.web.servlet.DispatcherServlet - Completed initialization in 8 ms
2022-02-16 13:57:25 [WARN ] o.s.w.s.m.m.a.ExceptionHandlerExceptionResolver - Failure in @ExceptionHandler com.github.paganini2008.springplayer.webmvc.GlobalExceptionHandler#handleException(HttpServletRequest, Exception)
java.lang.NullPointerException: null
	at com.github.paganini2008.springplayer.crumb.webmvc.SpanPostHandler.beforeBodyWrite(SpanPostHandler.java:58)
	at org.springframework.web.servlet.mvc.method.annotation.RequestResponseBodyAdviceChain.processBody(RequestResponseBodyAdviceChain.java:141)
	at org.springframework.web.servlet.mvc.method.annotation.RequestResponseBodyAdviceChain.beforeBodyWrite(RequestResponseBodyAdviceChain.java:116)
	at org.springframework.web.servlet.mvc.method.annotation.AbstractMessageConverterMethodProcessor.writeWithMessageConverters(AbstractMessageConverterMethodProcessor.java:268)
	at org.springframework.web.servlet.mvc.method.annotation.HttpEntityMethodProcessor.handleReturnValue(HttpEntityMethodProcessor.java:219)
	at org.springframework.web.method.support.HandlerMethodReturnValueHandlerComposite.handleReturnValue(HandlerMethodReturnValueHandlerComposite.java:82)
	at org.springframework.web.servlet.mvc.method.annotation.ServletInvocableHandlerMethod.invokeAndHandle(ServletInvocableHandlerMethod.java:123)
	at org.springframework.web.servlet.mvc.method.annotation.ExceptionHandlerExceptionResolver.doResolveHandlerMethodException(ExceptionHandlerExceptionResolver.java:407)
	at org.springframework.web.servlet.handler.AbstractHandlerMethodExceptionResolver.doResolveException(AbstractHandlerMethodExceptionResolver.java:61)
	at org.springframework.web.servlet.handler.AbstractHandlerExceptionResolver.resolveException(AbstractHandlerExceptionResolver.java:141)
	at org.springframework.web.servlet.handler.HandlerExceptionResolverComposite.resolveException(HandlerExceptionResolverComposite.java:80)
	at org.springframework.web.servlet.DispatcherServlet.processHandlerException(DispatcherServlet.java:1300)
	at org.springframework.web.servlet.DispatcherServlet.processDispatchResult(DispatcherServlet.java:1111)
	at org.springframework.web.servlet.DispatcherServlet.doDispatch(DispatcherServlet.java:1057)
	at org.springframework.web.servlet.DispatcherServlet.doService(DispatcherServlet.java:943)
	at org.springframework.web.servlet.FrameworkServlet.processRequest(FrameworkServlet.java:1006)
	at org.springframework.web.servlet.FrameworkServlet.doGet(FrameworkServlet.java:898)
	at javax.servlet.http.HttpServlet.service(HttpServlet.java:497)
	at org.springframework.web.servlet.FrameworkServlet.service(FrameworkServlet.java:883)
	at javax.servlet.http.HttpServlet.service(HttpServlet.java:584)
	at io.undertow.servlet.handlers.ServletHandler.handleRequest(ServletHandler.java:74)
	at io.undertow.servlet.handlers.FilterHandler$FilterChainImpl.doFilter(FilterHandler.java:129)
	at org.springframework.web.filter.OncePerRequestFilter.doFilter(OncePerRequestFilter.java:103)
	at io.undertow.servlet.core.ManagedFilter.doFilter(ManagedFilter.java:61)
	at io.undertow.servlet.handlers.FilterHandler$FilterChainImpl.doFilter(FilterHandler.java:131)
	at org.springframework.web.filter.RequestContextFilter.doFilterInternal(RequestContextFilter.java:100)
	at org.springframework.web.filter.OncePerRequestFilter.doFilter(OncePerRequestFilter.java:119)
	at io.undertow.servlet.core.ManagedFilter.doFilter(ManagedFilter.java:61)
	at io.undertow.servlet.handlers.FilterHandler$FilterChainImpl.doFilter(FilterHandler.java:131)
	at org.springframework.web.filter.OncePerRequestFilter.doFilter(OncePerRequestFilter.java:103)
	at io.undertow.servlet.core.ManagedFilter.doFilter(ManagedFilter.java:61)
	at io.undertow.servlet.handlers.FilterHandler$FilterChainImpl.doFilter(FilterHandler.java:131)
	at org.springframework.web.filter.OncePerRequestFilter.doFilter(OncePerRequestFilter.java:103)
	at io.undertow.servlet.core.ManagedFilter.doFilter(ManagedFilter.java:61)
	at io.undertow.servlet.handlers.FilterHandler$FilterChainImpl.doFilter(FilterHandler.java:131)
	at io.undertow.servlet.handlers.FilterHandler.handleRequest(FilterHandler.java:84)
	at io.undertow.servlet.handlers.security.ServletSecurityRoleHandler.handleRequest(ServletSecurityRoleHandler.java:62)
	at io.undertow.servlet.handlers.ServletChain$1.handleRequest(ServletChain.java:68)
	at io.undertow.servlet.handlers.ServletDispatchingHandler.handleRequest(ServletDispatchingHandler.java:36)
	at io.undertow.servlet.handlers.RedirectDirHandler.handleRequest(RedirectDirHandler.java:68)
	at io.undertow.server.handlers.PredicateHandler.handleRequest(PredicateHandler.java:43)
	at io.undertow.server.handlers.PredicateHandler.handleRequest(PredicateHandler.java:43)
	at io.undertow.servlet.handlers.ServletInitialHandler.dispatchRequest(ServletInitialHandler.java:251)
	at io.undertow.servlet.handlers.ServletInitialHandler.dispatchToPath(ServletInitialHandler.java:186)
	at io.undertow.servlet.spec.RequestDispatcherImpl.error(RequestDispatcherImpl.java:501)
	at io.undertow.servlet.spec.RequestDispatcherImpl.error(RequestDispatcherImpl.java:419)
	at io.undertow.servlet.spec.HttpServletResponseImpl.doErrorDispatch(HttpServletResponseImpl.java:202)
	at io.undertow.servlet.handlers.ServletInitialHandler.handleFirstRequest(ServletInitialHandler.java:276)
	at io.undertow.servlet.handlers.ServletInitialHandler.access$100(ServletInitialHandler.java:78)
	at io.undertow.servlet.handlers.ServletInitialHandler$2.call(ServletInitialHandler.java:133)
	at io.undertow.servlet.handlers.ServletInitialHandler$2.call(ServletInitialHandler.java:130)
	at io.undertow.servlet.core.ServletRequestContextThreadSetupAction$1.call(ServletRequestContextThreadSetupAction.java:48)
	at io.undertow.servlet.core.ContextClassLoaderSetupAction$1.call(ContextClassLoaderSetupAction.java:43)
	at io.undertow.servlet.handlers.ServletInitialHandler.dispatchRequest(ServletInitialHandler.java:249)
	at io.undertow.servlet.handlers.ServletInitialHandler.access$000(ServletInitialHandler.java:78)
	at io.undertow.servlet.handlers.ServletInitialHandler$1.handleRequest(ServletInitialHandler.java:99)
	at io.undertow.server.Connectors.executeRootHandler(Connectors.java:390)
	at io.undertow.server.HttpServerExchange$1.run(HttpServerExchange.java:836)
	at org.jboss.threads.ContextClassLoaderSavingRunnable.run(ContextClassLoaderSavingRunnable.java:35)
	at org.jboss.threads.EnhancedQueueExecutor.safeRun(EnhancedQueueExecutor.java:2019)
	at org.jboss.threads.EnhancedQueueExecutor$ThreadBody.doRunTask(EnhancedQueueExecutor.java:1558)
	at org.jboss.threads.EnhancedQueueExecutor$ThreadBody.run(EnhancedQueueExecutor.java:1449)
	at java.lang.Thread.run(Thread.java:748)
2022-02-16 13:57:25 [WARN ] o.s.w.s.m.m.a.ExceptionHandlerExceptionResolver - Failure in @ExceptionHandler com.github.paganini2008.springplayer.webmvc.GlobalExceptionHandler#handleException(HttpServletRequest, Exception)
java.lang.NullPointerException: null
	at com.github.paganini2008.springplayer.crumb.webmvc.SpanPostHandler.beforeBodyWrite(SpanPostHandler.java:58)
	at org.springframework.web.servlet.mvc.method.annotation.RequestResponseBodyAdviceChain.processBody(RequestResponseBodyAdviceChain.java:141)
	at org.springframework.web.servlet.mvc.method.annotation.RequestResponseBodyAdviceChain.beforeBodyWrite(RequestResponseBodyAdviceChain.java:116)
	at org.springframework.web.servlet.mvc.method.annotation.AbstractMessageConverterMethodProcessor.writeWithMessageConverters(AbstractMessageConverterMethodProcessor.java:268)
	at org.springframework.web.servlet.mvc.method.annotation.HttpEntityMethodProcessor.handleReturnValue(HttpEntityMethodProcessor.java:219)
	at org.springframework.web.method.support.HandlerMethodReturnValueHandlerComposite.handleReturnValue(HandlerMethodReturnValueHandlerComposite.java:82)
	at org.springframework.web.servlet.mvc.method.annotation.ServletInvocableHandlerMethod.invokeAndHandle(ServletInvocableHandlerMethod.java:123)
	at org.springframework.web.servlet.mvc.method.annotation.ExceptionHandlerExceptionResolver.doResolveHandlerMethodException(ExceptionHandlerExceptionResolver.java:407)
	at org.springframework.web.servlet.handler.AbstractHandlerMethodExceptionResolver.doResolveException(AbstractHandlerMethodExceptionResolver.java:61)
	at org.springframework.web.servlet.handler.AbstractHandlerExceptionResolver.resolveException(AbstractHandlerExceptionResolver.java:141)
	at org.springframework.web.servlet.handler.HandlerExceptionResolverComposite.resolveException(HandlerExceptionResolverComposite.java:80)
	at org.springframework.web.servlet.DispatcherServlet.processHandlerException(DispatcherServlet.java:1300)
	at org.springframework.web.servlet.DispatcherServlet.processDispatchResult(DispatcherServlet.java:1111)
	at org.springframework.web.servlet.DispatcherServlet.doDispatch(DispatcherServlet.java:1057)
	at org.springframework.web.servlet.DispatcherServlet.doService(DispatcherServlet.java:943)
	at org.springframework.web.servlet.FrameworkServlet.processRequest(FrameworkServlet.java:1006)
	at org.springframework.web.servlet.FrameworkServlet.doGet(FrameworkServlet.java:898)
	at javax.servlet.http.HttpServlet.service(HttpServlet.java:497)
	at org.springframework.web.servlet.FrameworkServlet.service(FrameworkServlet.java:883)
	at javax.servlet.http.HttpServlet.service(HttpServlet.java:584)
	at io.undertow.servlet.handlers.ServletHandler.handleRequest(ServletHandler.java:74)
	at io.undertow.servlet.handlers.FilterHandler$FilterChainImpl.doFilter(FilterHandler.java:129)
	at org.springframework.web.filter.OncePerRequestFilter.doFilter(OncePerRequestFilter.java:103)
	at io.undertow.servlet.core.ManagedFilter.doFilter(ManagedFilter.java:61)
	at io.undertow.servlet.handlers.FilterHandler$FilterChainImpl.doFilter(FilterHandler.java:131)
	at org.springframework.web.filter.RequestContextFilter.doFilterInternal(RequestContextFilter.java:100)
	at org.springframework.web.filter.OncePerRequestFilter.doFilter(OncePerRequestFilter.java:119)
	at io.undertow.servlet.core.ManagedFilter.doFilter(ManagedFilter.java:61)
	at io.undertow.servlet.handlers.FilterHandler$FilterChainImpl.doFilter(FilterHandler.java:131)
	at org.springframework.web.filter.OncePerRequestFilter.doFilter(OncePerRequestFilter.java:103)
	at io.undertow.servlet.core.ManagedFilter.doFilter(ManagedFilter.java:61)
	at io.undertow.servlet.handlers.FilterHandler$FilterChainImpl.doFilter(FilterHandler.java:131)
	at org.springframework.web.filter.OncePerRequestFilter.doFilter(OncePerRequestFilter.java:103)
	at io.undertow.servlet.core.ManagedFilter.doFilter(ManagedFilter.java:61)
	at io.undertow.servlet.handlers.FilterHandler$FilterChainImpl.doFilter(FilterHandler.java:131)
	at io.undertow.servlet.handlers.FilterHandler.handleRequest(FilterHandler.java:84)
	at io.undertow.servlet.handlers.security.ServletSecurityRoleHandler.handleRequest(ServletSecurityRoleHandler.java:62)
	at io.undertow.servlet.handlers.ServletChain$1.handleRequest(ServletChain.java:68)
	at io.undertow.servlet.handlers.ServletDispatchingHandler.handleRequest(ServletDispatchingHandler.java:36)
	at io.undertow.servlet.handlers.RedirectDirHandler.handleRequest(RedirectDirHandler.java:68)
	at io.undertow.server.handlers.PredicateHandler.handleRequest(PredicateHandler.java:43)
	at io.undertow.server.handlers.PredicateHandler.handleRequest(PredicateHandler.java:43)
	at io.undertow.servlet.handlers.ServletInitialHandler.dispatchRequest(ServletInitialHandler.java:251)
	at io.undertow.servlet.handlers.ServletInitialHandler.dispatchToPath(ServletInitialHandler.java:186)
	at io.undertow.servlet.spec.RequestDispatcherImpl.error(RequestDispatcherImpl.java:501)
	at io.undertow.servlet.spec.RequestDispatcherImpl.error(RequestDispatcherImpl.java:419)
	at io.undertow.servlet.spec.HttpServletResponseImpl.doErrorDispatch(HttpServletResponseImpl.java:202)
	at io.undertow.servlet.handlers.ServletInitialHandler.handleFirstRequest(ServletInitialHandler.java:276)
	at io.undertow.servlet.handlers.ServletInitialHandler.access$100(ServletInitialHandler.java:78)
	at io.undertow.servlet.handlers.ServletInitialHandler$2.call(ServletInitialHandler.java:133)
	at io.undertow.servlet.handlers.ServletInitialHandler$2.call(ServletInitialHandler.java:130)
	at io.undertow.servlet.core.ServletRequestContextThreadSetupAction$1.call(ServletRequestContextThreadSetupAction.java:48)
	at io.undertow.servlet.core.ContextClassLoaderSetupAction$1.call(ContextClassLoaderSetupAction.java:43)
	at io.undertow.servlet.handlers.ServletInitialHandler.dispatchRequest(ServletInitialHandler.java:249)
	at io.undertow.servlet.handlers.ServletInitialHandler.access$000(ServletInitialHandler.java:78)
	at io.undertow.servlet.handlers.ServletInitialHandler$1.handleRequest(ServletInitialHandler.java:99)
	at io.undertow.server.Connectors.executeRootHandler(Connectors.java:390)
	at io.undertow.server.HttpServerExchange$1.run(HttpServerExchange.java:836)
	at org.jboss.threads.ContextClassLoaderSavingRunnable.run(ContextClassLoaderSavingRunnable.java:35)
	at org.jboss.threads.EnhancedQueueExecutor.safeRun(EnhancedQueueExecutor.java:2019)
	at org.jboss.threads.EnhancedQueueExecutor$ThreadBody.doRunTask(EnhancedQueueExecutor.java:1558)
	at org.jboss.threads.EnhancedQueueExecutor$ThreadBody.run(EnhancedQueueExecutor.java:1449)
	at java.lang.Thread.run(Thread.java:748)
